#
# A fatal error has been detected by the Java Runtime Environment:
#
#  EXCEPTION_ACCESS_VIOLATION (0xc0000005) at pc=0x6c24dd39, pid=2864, tid=7692
#
# JRE version: Java(TM) SE Runtime Environment (7.0_71-b14) (build 1.7.0_71-b14)
# Java VM: Java HotSpot(TM) Client VM (24.71-b01 mixed mode windows-x86 )
# Problematic frame:
# C  [jcef.dll+0xdd39]
#
# Failed to write core dump. Minidumps are not enabled by default on client versions of Windows
#
# If you would like to submit a bug report, please visit:
#   http://bugreport.sun.com/bugreport/crash.jsp
#

---------------  T H R E A D  ---------------

Current thread (0x1129f800):  VMThread [stack: 0x113b0000,0x114b0000] [id=7692]

siginfo: ExceptionCode=0xc0000005, reading address 0x00000058

Registers:
EAX=0x1129f930, EBX=0x6c2a8678, ECX=0x00000000, EDX=0x1656eb74
ESP=0x114af75c, EBP=0x114af774, ESI=0x1d28162c, EDI=0x1d0ca034
EIP=0x6c24dd39, EFLAGS=0x00010206

Top of Stack: (sp=0x114af75c)
0x114af75c:   1129f930 1656eb74 1d0ca034 1d2815e0
0x114af76c:   1129f930 01e65845 114af784 6c24e190
0x114af77c:   1d0ca034 1d28a758 114af7a0 6c24ddcc
0x114af78c:   00000001 6c277e17 1d0ca020 6c277492
0x114af79c:   00000000 114af7c0 63ba8e54 1d28a75c
0x114af7ac:   1d051680 1d051680 63be2300 1d2871e4
0x114af7bc:   1d0a6c20 114af7cc 63be2adb 1d084000
0x114af7cc:   114af7e8 63be87e8 00000001 63ba9756 

Instructions: (pc=0x6c24dd39)
0x6c24dd19:   00 00 c6 45 ff 00 e8 dc 55 ff ff 83 c4 08 85 c0
0x6c24dd29:   75 1f 8b 45 f8 85 c0 74 18 8b 56 bc 8b 08 52 50
0x6c24dd39:   8b 41 58 ff d0 8d 4d ff 51 e8 09 56 ff ff 83 c4
0x6c24dd49:   04 8d 4e e0 e8 1e 08 02 00 8b 46 d4 8b 08 50 51 


Register to memory mapping:

EAX=
[error occurred during error reporting (printing register info), id 0xc0000005]

Stack: [0x113b0000,0x114b0000],  sp=0x114af75c,  free space=1021k
Native frames: (J=compiled Java code, j=interpreted, Vv=VM code, C=native code)
C  [jcef.dll+0xdd39]
C  [jcef.dll+0xe190]
C  [jcef.dll+0xddcc]
C  [libcef.dll+0x48e54]
C  [libcef.dll+0x82adb]
C  [libcef.dll+0x887e8]
C  [jcef.dll+0x35e16]
C  [jcef.dll+0x27813]
C  [jcef.dll+0x5622b]
C  [jcef.dll+0x4825a]
C  [jcef.dll+0x4832d]
C  [jcef.dll+0x44c86]
C  [jcef.dll+0x44cf1]
C  [ntdll.dll+0x39344]
C  [ntdll.dll+0x58f08]
C  [ntdll.dll+0x58daa]
C  [kernel32.dll+0x179c5]
C  [MSVCR100.dll+0x279d7]
C  [MSVCR100.dll+0x27af0]
C  [MSVCR100.dll+0x27b5d]
V  [jvm.dll+0x140952]
V  [jvm.dll+0x16909d]
V  [jvm.dll+0x1684b1]
V  [jvm.dll+0x1688c7]
V  [jvm.dll+0x168ac2]
V  [jvm.dll+0x1a80f9]
C  [MSVCR100.dll+0x5c5c6]
C  [MSVCR100.dll+0x5c670]
C  [kernel32.dll+0x1336a]
C  [ntdll.dll+0x398f2]
C  [ntdll.dll+0x398c5]

VM_Operation (0x0018fac0): Exit, mode: safepoint, requested by thread 0x00528000


---------------  P R O C E S S  ---------------

Java Threads: ( => current thread )
  0x1a0e7800 JavaThread "AWT-Shutdown" [_thread_blocked, id=5456, stack(0x13770000,0x13870000)]
  0x1a0e5c00 JavaThread "Thread-11" daemon [_thread_in_native, id=3172, stack(0x20a50000,0x20b50000)]
  0x1a0e5800 JavaThread "Thread-9" daemon [_thread_in_native, id=5448, stack(0x1f920000,0x1fa20000)]
  0x1a0e5000 JavaThread "TimerQueue" daemon [_thread_blocked, id=5676, stack(0x21320000,0x21420000)]
  0x1a3a5000 JavaThread "Java2D Disposer" daemon [_thread_blocked, id=1076, stack(0x1cbe0000,0x1cce0000)]
  0x16bf2800 JavaThread "Pool C:\Users\Chace.Cao\AppData\Roaming\CooCox\CoIDE\repo\CODB_SIMPLIFY.FDB idleRemover" daemon [_thread_blocked, id=5072, stack(0x1c530000,0x1c630000)]
  0x112f0800 JavaThread "Service Thread" daemon [_thread_blocked, id=5756, stack(0x11c10000,0x11d10000)]
  0x112ebc00 JavaThread "C1 CompilerThread0" daemon [_thread_blocked, id=5684, stack(0x11ad0000,0x11bd0000)]
  0x112eb400 JavaThread "Attach Listener" daemon [_thread_blocked, id=7696, stack(0x11990000,0x11a90000)]
  0x112ea800 JavaThread "Signal Dispatcher" daemon [_thread_blocked, id=2004, stack(0x11850000,0x11950000)]
  0x112e8000 JavaThread "Surrogate Locker Thread (Concurrent GC)" daemon [_thread_blocked, id=4816, stack(0x11710000,0x11810000)]
  0x112a7800 JavaThread "Finalizer" daemon [_thread_blocked, id=2620, stack(0x115b0000,0x116b0000)]
  0x112a2c00 JavaThread "Reference Handler" daemon [_thread_blocked, id=7604, stack(0x114b0000,0x115b0000)]
  0x00528000 JavaThread "main" [_thread_blocked, id=8120, stack(0x00090000,0x00190000)]

Other Threads:
=>0x1129f800 VMThread [stack: 0x113b0000,0x114b0000] [id=7692]

VM state:at safepoint (shutting down)

VM Mutex/Monitor currently owned by a thread:  ([mutex/lock_event])
[0x0052b768] Threads_lock - owner thread: 0x1129f800

Heap
 par new generation   total 39296K, used 20140K [0x04800000, 0x072a0000, 0x072a0000)
  eden space 34944K,  55% used [0x04800000, 0x05ad0c10, 0x06a20000)
  from space 4352K,  20% used [0x06e60000, 0x06f3a4b0, 0x072a0000)
  to   space 4352K,   0% used [0x06a20000, 0x06a20000, 0x06e60000)
 concurrent mark-sweep generation total 66584K, used 44849K [0x072a0000, 0x0b3a6000, 0x0c800000)
 concurrent-mark-sweep perm gen total 65536K, used 52788K [0x0c800000, 0x10800000, 0x10800000)

Card table byte_map: [0x04680000,0x046f0000] byte_map_base: 0x0465c000

Polling page: 0x00330000

Code Cache  [0x02480000, 0x03328000, 0x04480000)
 total_blobs=7043 nmethods=6776 adapters=198 free_code_cache=18584Kb largest_free_block=18214848

Compilation events (10 events):
Event: 13343.296 Thread 0x112ebc00 7768             com.sun.org.apache.xerces.internal.utils.ObjectFactory::findClassLoader (73 bytes)
Event: 13343.297 Thread 0x112ebc00 nmethod 7768 0x031d7f48 code [0x031d80e0, 0x031d8540]
Event: 13343.315 Thread 0x112ebc00 7769             org.eclipse.osgi.framework.eventmgr.CopyOnWriteIdentityMap$Snapshot$EntrySet::iterator (12 bytes)
Event: 13343.316 Thread 0x112ebc00 nmethod 7769 0x0312ad88 code [0x0312ae80, 0x0312af70]
Event: 13343.316 Thread 0x112ebc00 7770             org.eclipse.osgi.framework.eventmgr.CopyOnWriteIdentityMap$Snapshot$SnapshotIterator::<init> (24 bytes)
Event: 13343.317 Thread 0x112ebc00 nmethod 7770 0x0312ab48 code [0x0312ac40, 0x0312ace0]
Event: 13343.317 Thread 0x112ebc00 7771             org.eclipse.osgi.framework.eventmgr.CopyOnWriteIdentityMap$Snapshot$EntryIterator::<init> (11 bytes)
Event: 13343.317 Thread 0x112ebc00 nmethod 7771 0x031d7d08 code [0x031d7e00, 0x031d7eb0]
Event: 13343.319 Thread 0x112ebc00 7772   !         org.eclipse.equinox.log.internal.ExtendedLogReaderServiceFactory::isLoggablePrivileged (130 bytes)
Event: 13343.320 Thread 0x112ebc00 nmethod 7772 0x031d6888 code [0x031d6a60, 0x031d7500]

GC Heap History (10 events):
Event: 12860.370 GC heap before
{Heap before GC invocations=182 (full 33):
 par new generation   total 39296K, used 36722K [0x04800000, 0x072a0000, 0x072a0000)
  eden space 34944K, 100% used [0x04800000, 0x06a20000, 0x06a20000)
  from space 4352K,  40% used [0x06a20000, 0x06bdcad8, 0x06e60000)
  to   space 4352K,   0% used [0x06e60000, 0x06e60000, 0x072a0000)
 concurrent mark-sweep generation total 66584K, used 43532K [0x072a0000, 0x0b3a6000, 0x0c800000)
 concurrent-mark-sweep perm gen total 65536K, used 52348K [0x0c800000, 0x10800000, 0x10800000)
Event: 12860.373 GC heap after
Heap after GC invocations=183 (full 33):
 par new generation   total 39296K, used 1441K [0x04800000, 0x072a0000, 0x072a0000)
  eden space 34944K,   0% used [0x04800000, 0x04800000, 0x06a20000)
  from space 4352K,  33% used [0x06e60000, 0x06fc8448, 0x072a0000)
  to   space 4352K,   0% used [0x06a20000, 0x06a20000, 0x06e60000)
 concurrent mark-sweep generation total 66584K, used 43992K [0x072a0000, 0x0b3a6000, 0x0c800000)
 concurrent-mark-sweep perm gen total 65536K, used 52348K [0x0c800000, 0x10800000, 0x10800000)
}
Event: 12873.175 GC heap before
{Heap before GC invocations=183 (full 33):
 par new generation   total 39296K, used 36385K [0x04800000, 0x072a0000, 0x072a0000)
  eden space 34944K, 100% used [0x04800000, 0x06a20000, 0x06a20000)
  from space 4352K,  33% used [0x06e60000, 0x06fc8448, 0x072a0000)
  to   space 4352K,   0% used [0x06a20000, 0x06a20000, 0x06e60000)
 concurrent mark-sweep generation total 66584K, used 43992K [0x072a0000, 0x0b3a6000, 0x0c800000)
 concurrent-mark-sweep perm gen total 65536K, used 52348K [0x0c800000, 0x10800000, 0x10800000)
Event: 12873.177 GC heap after
Heap after GC invocations=184 (full 33):
 par new generation   total 39296K, used 1010K [0x04800000, 0x072a0000, 0x072a0000)
  eden space 34944K,   0% used [0x04800000, 0x04800000, 0x06a20000)
  from space 4352K,  23% used [0x06a20000, 0x06b1c820, 0x06e60000)
  to   space 4352K,   0% used [0x06e60000, 0x06e60000, 0x072a0000)
 concurrent mark-sweep generation total 66584K, used 44844K [0x072a0000, 0x0b3a6000, 0x0c800000)
 concurrent-mark-sweep perm gen total 65536K, used 52348K [0x0c800000, 0x10800000, 0x10800000)
}
Event: 12918.816 GC heap before
{Heap before GC invocations=184 (full 33):
 par new generation   total 39296K, used 35954K [0x04800000, 0x072a0000, 0x072a0000)
  eden space 34944K, 100% used [0x04800000, 0x06a20000, 0x06a20000)
  from space 4352K,  23% used [0x06a20000, 0x06b1c820, 0x06e60000)
  to   space 4352K,   0% used [0x06e60000, 0x06e60000, 0x072a0000)
 concurrent mark-sweep generation total 66584K, used 44844K [0x072a0000, 0x0b3a6000, 0x0c800000)
 concurrent-mark-sweep perm gen total 65536K, used 52350K [0x0c800000, 0x10800000, 0x10800000)
Event: 12918.817 GC heap after
Heap after GC invocations=185 (full 33):
 par new generation   total 39296K, used 201K [0x04800000, 0x072a0000, 0x072a0000)
  eden space 34944K,   0% used [0x04800000, 0x04800000, 0x06a20000)
  from space 4352K,   4% used [0x06e60000, 0x06e92738, 0x072a0000)
  to   space 4352K,   0% used [0x06a20000, 0x06a20000, 0x06e60000)
 concurrent mark-sweep generation total 66584K, used 44848K [0x072a0000, 0x0b3a6000, 0x0c800000)
 concurrent-mark-sweep perm gen total 65536K, used 52350K [0x0c800000, 0x10800000, 0x10800000)
}
Event: 13065.303 GC heap before
{Heap before GC invocations=185 (full 33):
 par new generation   total 39296K, used 35145K [0x04800000, 0x072a0000, 0x072a0000)
  eden space 34944K, 100% used [0x04800000, 0x06a20000, 0x06a20000)
  from space 4352K,   4% used [0x06e60000, 0x06e92738, 0x072a0000)
  to   space 4352K,   0% used [0x06a20000, 0x06a20000, 0x06e60000)
 concurrent mark-sweep generation total 66584K, used 44848K [0x072a0000, 0x0b3a6000, 0x0c800000)
 concurrent-mark-sweep perm gen total 65536K, used 52353K [0x0c800000, 0x10800000, 0x10800000)
Event: 13065.308 GC heap after
Heap after GC invocations=186 (full 33):
 par new generation   total 39296K, used 915K [0x04800000, 0x072a0000, 0x072a0000)
  eden space 34944K,   0% used [0x04800000, 0x04800000, 0x06a20000)
  from space 4352K,  21% used [0x06a20000, 0x06b04e28, 0x06e60000)
  to   space 4352K,   0% used [0x06e60000, 0x06e60000, 0x072a0000)
 concurrent mark-sweep generation total 66584K, used 44848K [0x072a0000, 0x0b3a6000, 0x0c800000)
 concurrent-mark-sweep perm gen total 65536K, used 52353K [0x0c800000, 0x10800000, 0x10800000)
}
Event: 13320.982 GC heap before
{Heap before GC invocations=186 (full 33):
 par new generation   total 39296K, used 35859K [0x04800000, 0x072a0000, 0x072a0000)
  eden space 34944K, 100% used [0x04800000, 0x06a20000, 0x06a20000)
  from space 4352K,  21% used [0x06a20000, 0x06b04e28, 0x06e60000)
  to   space 4352K,   0% used [0x06e60000, 0x06e60000, 0x072a0000)
 concurrent mark-sweep generation total 66584K, used 44848K [0x072a0000, 0x0b3a6000, 0x0c800000)
 concurrent-mark-sweep perm gen total 65536K, used 52394K [0x0c800000, 0x10800000, 0x10800000)
Event: 13320.985 GC heap after
Heap after GC invocations=187 (full 33):
 par new generation   total 39296K, used 873K [0x04800000, 0x072a0000, 0x072a0000)
  eden space 34944K,   0% used [0x04800000, 0x04800000, 0x06a20000)
  from space 4352K,  20% used [0x06e60000, 0x06f3a4b0, 0x072a0000)
  to   space 4352K,   0% used [0x06a20000, 0x06a20000, 0x06e60000)
 concurrent mark-sweep generation total 66584K, used 44849K [0x072a0000, 0x0b3a6000, 0x0c800000)
 concurrent-mark-sweep perm gen total 65536K, used 52394K [0x0c800000, 0x10800000, 0x10800000)
}

Deoptimization events (0 events):
No events

Internal exceptions (10 events):
Event: 13343.313 Thread 0x00528000 Threw 0x057a5d08 at C:\re\jdk7u71\1605\hotspot\src\share\vm\prims\jvm.cpp:1281
Event: 13343.314 Thread 0x00528000 Threw 0x057a9f18 at C:\re\jdk7u71\1605\hotspot\src\share\vm\prims\jvm.cpp:1281
Event: 13343.318 Thread 0x00528000 Threw 0x057c0508 at C:\re\jdk7u71\1605\hotspot\src\share\vm\prims\jvm.cpp:1281
Event: 13343.319 Thread 0x00528000 Threw 0x057c4760 at C:\re\jdk7u71\1605\hotspot\src\share\vm\prims\jvm.cpp:1281
Event: 13343.320 Thread 0x00528000 Threw 0x059cbd70 at C:\re\jdk7u71\1605\hotspot\src\share\vm\prims\jvm.cpp:1281
Event: 13343.321 Thread 0x00528000 Threw 0x059d7fb0 at C:\re\jdk7u71\1605\hotspot\src\share\vm\prims\jvm.cpp:1281
Event: 13343.324 Thread 0x11f43800 Threw 0x05a54db8 at C:\re\jdk7u71\1605\hotspot\src\share\vm\prims\jvm.cpp:3002
Event: 13343.325 Thread 0x19dfd800 Threw 0x05a55588 at C:\re\jdk7u71\1605\hotspot\src\share\vm\runtime\objectMonitor.cpp:1652
Event: 13343.328 Thread 0x11fa4c00 Threw 0x05a62158 at C:\re\jdk7u71\1605\hotspot\src\share\vm\runtime\objectMonitor.cpp:1652
Event: 13343.364 Thread 0x11fa2000 Threw 0x059ca290 at C:\re\jdk7u71\1605\hotspot\src\share\vm\runtime\objectMonitor.cpp:1652

Events (10 events):
Event: 13343.364 Thread 0x11fa2000 Thread exited: 0x11fa2000
Event: 13343.364 loading class 0x1134c9a0
Event: 13343.365 loading class 0x1134c9a0 done
Event: 13343.365 Thread 0x11f31400 Thread exited: 0x11f31400
Event: 13343.365 Thread 0x19dfd800 Thread added: 0x19dfd800
Event: 13343.365 Thread 0x19dfec00 Thread added: 0x19dfec00
Event: 13343.365 Thread 0x19dfd800 Thread exited: 0x19dfd800
Event: 13343.368 Thread 0x1a3a5c00 Thread exited: 0x1a3a5c00
Event: 13343.466 Thread 0x19dfec00 Thread exited: 0x19dfec00
Event: 13343.467 Executing VM operation: Exit


Dynamic libraries:
0x00400000 - 0x0040d000 	C:\CooCox\CoIDE_V2Beta\CoIDE.exe
0x77df0000 - 0x77f70000 	C:\Windows\SysWOW64\ntdll.dll
0x77190000 - 0x772a0000 	C:\Windows\syswow64\kernel32.dll
0x76a80000 - 0x76ac7000 	C:\Windows\syswow64\KERNELBASE.dll
0x76980000 - 0x76a80000 	C:\Windows\syswow64\USER32.dll
0x75790000 - 0x75820000 	C:\Windows\syswow64\GDI32.dll
0x76840000 - 0x7684a000 	C:\Windows\syswow64\LPK.dll
0x768e0000 - 0x7697d000 	C:\Windows\syswow64\USP10.dll
0x76d00000 - 0x76dac000 	C:\Windows\syswow64\msvcrt.dll
0x76790000 - 0x76831000 	C:\Windows\syswow64\ADVAPI32.dll
0x777d0000 - 0x777e9000 	C:\Windows\SysWOW64\sechost.dll
0x776e0000 - 0x777d0000 	C:\Windows\syswow64\RPCRT4.dll
0x75450000 - 0x754b0000 	C:\Windows\syswow64\SspiCli.dll
0x75440000 - 0x7544c000 	C:\Windows\syswow64\CRYPTBASE.dll
0x73af0000 - 0x73b74000 	C:\Windows\WinSxS\x86_microsoft.windows.common-controls_6595b64144ccf1df_5.82.7601.18837_none_ec86b8d6858ec0bc\COMCTL32.dll
0x77130000 - 0x77190000 	C:\Windows\system32\IMM32.DLL
0x76e30000 - 0x76efd000 	C:\Windows\syswow64\MSCTF.dll
0x72000000 - 0x7200d000 	C:\CooCox\CoIDE_V2Beta\plugins\org.eclipse.equinox.launcher.win32.win32.x86_1.1.100.v20110502\eclipse_1406.dll
0x75360000 - 0x75369000 	C:\Windows\system32\VERSION.dll
0x61c00000 - 0x61f89000 	C:\CooCox\CoIDE_V2Beta\jre\bin\client\jvm.dll
0x73bf0000 - 0x73bf7000 	C:\Windows\system32\WSOCK32.dll
0x76db0000 - 0x76de5000 	C:\Windows\syswow64\WS2_32.dll
0x754b0000 - 0x754b6000 	C:\Windows\syswow64\NSI.dll
0x76df0000 - 0x76e22000 	C:\Windows\syswow64\WINMM.dll
0x75820000 - 0x75825000 	C:\Windows\syswow64\PSAPI.DLL
0x70e70000 - 0x70f2f000 	C:\Windows\system32\MSVCR100.dll
0x75170000 - 0x7517c000 	C:\CooCox\CoIDE_V2Beta\jre\bin\verify.dll
0x747f0000 - 0x74810000 	C:\CooCox\CoIDE_V2Beta\jre\bin\java.dll
0x741b0000 - 0x741c3000 	C:\CooCox\CoIDE_V2Beta\jre\bin\zip.dll
0x73e40000 - 0x73e57000 	C:\Windows\system32\CRYPTSP.dll
0x73e00000 - 0x73e3b000 	C:\Windows\system32\rsaenh.dll
0x75340000 - 0x75357000 	C:\Windows\system32\USERENV.dll
0x75330000 - 0x7533b000 	C:\Windows\system32\profapi.dll
0x74190000 - 0x741a4000 	C:\CooCox\CoIDE_V2Beta\jre\bin\net.dll
0x73d60000 - 0x73d9c000 	C:\Windows\system32\mswsock.dll
0x73d40000 - 0x73d46000 	C:\Windows\System32\wship6.dll
0x73e70000 - 0x73e8c000 	C:\Windows\system32\IPHLPAPI.DLL
0x73e60000 - 0x73e67000 	C:\Windows\system32\WINNSI.DLL
0x70320000 - 0x70332000 	C:\Windows\system32\dhcpcsvc.DLL
0x70310000 - 0x7031d000 	C:\Windows\system32\dhcpcsvc6.DLL
0x747e0000 - 0x747ef000 	C:\CooCox\CoIDE_V2Beta\jre\bin\nio.dll
0x6dc10000 - 0x6dc90000 	C:\Windows\system32\uxtheme.dll
0x6d990000 - 0x6d9dc000 	C:\Windows\system32\apphelp.dll
0x12590000 - 0x12b07000 	C:\Windows\system32\SOGOUPY.IME
0x6d4a0000 - 0x6d4a5000 	C:\Windows\system32\MSIMG32.dll
0x77850000 - 0x778a7000 	C:\Windows\syswow64\SHLWAPI.dll
0x6d460000 - 0x6d49c000 	C:\Windows\system32\OLEACC.dll
0x75630000 - 0x7578d000 	C:\Windows\syswow64\ole32.dll
0x702e0000 - 0x70301000 	C:\Windows\system32\ntmarta.dll
0x772a0000 - 0x772e5000 	C:\Windows\syswow64\WLDAP32.dll
0x759d0000 - 0x7661c000 	C:\Windows\syswow64\SHELL32.dll
0x6b7f0000 - 0x6b995000 	D:\Program Files (x86)\sogoupinyin\Components\PicFace\1.0.0.1672\PicFace.dll
0x755b0000 - 0x7562b000 	C:\Windows\syswow64\COMDLG32.dll
0x77090000 - 0x77121000 	C:\Windows\syswow64\OLEAUT32.dll
0x13d30000 - 0x13e1b000 	D:\Program Files (x86)\sogoupinyin\8.3.0.9412\Resource.dll
0x772f0000 - 0x77303000 	C:\Windows\syswow64\dwmapi.dll
0x73b80000 - 0x73b90000 	C:\Windows\system32\NLAapi.dll
0x73ae0000 - 0x73af0000 	C:\Windows\system32\napinsp.dll
0x73ac0000 - 0x73ad2000 	C:\Windows\system32\pnrpnsp.dll
0x73cf0000 - 0x73d34000 	C:\Windows\system32\DNSAPI.dll
0x73ab0000 - 0x73ab8000 	C:\Windows\System32\winrnr.dll
0x73d50000 - 0x73d55000 	C:\Windows\System32\wshtcpip.dll
0x73ce0000 - 0x73ce6000 	C:\Windows\system32\rasadhlp.dll
0x70340000 - 0x70378000 	C:\Windows\System32\fwpuclnt.dll
0x15e10000 - 0x15e7e000 	C:\CooCox\CoIDE_V2Beta\configuration\org.eclipse.osgi\bundles\115\1\.cp\swt-win32-3740.dll
0x708a0000 - 0x708f1000 	C:\Windows\system32\WINSPOOL.DRV
0x70490000 - 0x7062e000 	C:\Windows\WinSxS\x86_microsoft.windows.common-controls_6595b64144ccf1df_6.0.7601.18837_none_41e855142bd5705d\COMCTL32.dll
0x77340000 - 0x77435000 	C:\Windows\syswow64\WININET.dll
0x76620000 - 0x76760000 	C:\Windows\syswow64\urlmon.dll
0x77310000 - 0x7733f000 	C:\Windows\syswow64\XmlLite.dll
0x75830000 - 0x75951000 	C:\Windows\syswow64\CRYPT32.dll
0x768d0000 - 0x768dc000 	C:\Windows\syswow64\MSASN1.dll
0x77440000 - 0x77641000 	C:\Windows\syswow64\iertutil.dll
0x70390000 - 0x70485000 	C:\Windows\system32\propsys.dll
0x76ad0000 - 0x76b53000 	C:\Windows\syswow64\CLBCatQ.DLL
0x14b90000 - 0x14bad000 	C:\CooCox\CoIDE_V2Beta\configuration\org.eclipse.osgi\bundles\115\1\.cp\swt-gdip-win32-3740.dll
0x6cfb0000 - 0x6d141000 	C:\Windows\WinSxS\x86_microsoft.windows.gdiplus_6595b64144ccf1df_1.1.7601.23894_none_5c0be957a009922e\gdiplus.dll
0x6a230000 - 0x6a32b000 	C:\Windows\system32\WindowsCodecs.dll
0x71110000 - 0x7111e000 	C:\Windows\system32\RpcRtRemote.dll
0x74880000 - 0x748ae000 	C:\Windows\system32\mlang.dll
0x61170000 - 0x61bfa000 	C:\Windows\SysWOW64\ieframe.dll
0x6d890000 - 0x6d8ef000 	C:\Windows\system32\SXS.DLL
0x60ba0000 - 0x61165000 	C:\Windows\SysWOW64\mshtml.dll
0x74050000 - 0x7407a000 	C:\Windows\SysWOW64\msls31.dll
0x74040000 - 0x7404b000 	C:\Windows\system32\msimtf.dll
0x70660000 - 0x706b2000 	C:\Windows\system32\RASAPI32.dll
0x70640000 - 0x70655000 	C:\Windows\system32\rasman.dll
0x6fb30000 - 0x6fb3d000 	C:\Windows\system32\rtutils.dll
0x73940000 - 0x73946000 	C:\Windows\system32\sensapi.dll
0x75990000 - 0x75993000 	C:\Windows\syswow64\Normaliz.dll
0x73fd0000 - 0x73ff5000 	C:\CooCox\CoIDE_V2Beta\jre\bin\jaybird22.dll
0x1b510000 - 0x1b8bd000 	C:\CooCox\CoIDE_V2Beta\jre\bin\fbembed.dll
0x6c720000 - 0x6c7bb000 	C:\Windows\WinSxS\x86_microsoft.vc80.crt_1fc8b3b9a1e18e3b_8.0.50727.6229_none_d089f796442de10e\MSVCR80.dll
0x6fba0000 - 0x6fbb2000 	C:\Windows\system32\MPR.dll
0x4a800000 - 0x4a8a8000 	C:\CooCox\CoIDE_V2Beta\jre\bin\icuuc30.dll
0x4ad00000 - 0x4ae7f000 	C:\CooCox\CoIDE_V2Beta\jre\bin\icudt30.dll
0x19650000 - 0x19656000 	C:\CooCox\CoIDE_V2Beta\jre\bin\ib_util.dll
0x1bc10000 - 0x1bcf3000 	C:\CooCox\CoIDE_V2Beta\jre\bin\intl\fbintl.DLL
0x1c730000 - 0x1c73e000 	C:\CooCox\CoIDE_V2Beta\configuration\org.eclipse.osgi\bundles\72\1\.cp\os\win32\x86\localfile_1_0_0.dll
0x76b60000 - 0x76cfd000 	C:\Windows\syswow64\SETUPAPI.dll
0x75960000 - 0x75987000 	C:\Windows\syswow64\CFGMGR32.dll
0x77070000 - 0x77082000 	C:\Windows\syswow64\DEVOBJ.dll
0x741f0000 - 0x74333000 	C:\CooCox\CoIDE_V2Beta\jre\bin\awt.dll
0x6c6e0000 - 0x6c719000 	C:\CooCox\CoIDE_V2Beta\jre\bin\fontmanager.dll
0x75180000 - 0x75186000 	C:\CooCox\CoIDE_V2Beta\jre\bin\jawt.dll
0x63b60000 - 0x66294000 	C:\CooCox\CoIDE_V2Beta\bin\Release\libcef.dll
0x6fb40000 - 0x6fb98000 	C:\Windows\system32\WINHTTP.dll
0x6fae0000 - 0x6fb2f000 	C:\Windows\system32\webio.dll
0x75320000 - 0x7532d000 	C:\Windows\system32\WTSAPI32.dll
0x6f570000 - 0x6f578000 	C:\Windows\system32\Secur32.dll
0x6c240000 - 0x6c2b3000 	C:\CooCox\CoIDE_V2Beta\bin\Release\jcef.dll
0x6daa0000 - 0x6dad6000 	C:\Windows\system32\audioses.dll
0x6db30000 - 0x6db69000 	C:\Windows\system32\MMDevAPI.DLL
0x76f00000 - 0x76f2f000 	C:\Windows\syswow64\WINTRUST.dll
0x6dbd0000 - 0x6dbf9000 	C:\Windows\system32\WINSTA.dll
0x748b0000 - 0x74929000 	C:\Windows\system32\mscms.dll
0x6e7c0000 - 0x6e7cb000 	C:\CooCox\CoIDE_V2Beta\plugins\org.eclipse.cdt.core.win32.x86_5.2.0.201202111925\os\win32\x86\spawner.dll
0x55860000 - 0x55912000 	C:\Windows\SysWOW64\jscript.dll
0x70710000 - 0x707fb000 	C:\Windows\system32\dbghelp.dll

VM Arguments:
jvm_args: -Dosgi.parentClassloader=ext --launcher.XXMaxPermSize 256M -vmargs -Xms60m -Xmx128m -XX:+UseConcMarkSweepGC -XX:+CMSClassUnloadingEnabled 
java_command: <unknown>
Launcher Type: generic

Environment Variables:
PATH=C:/CooCox/CoIDE_V2Beta/jre/bin/client;C:/CooCox/CoIDE_V2Beta/jre/bin;C:/CooCox/CoIDE_V2Beta/jre/lib/i386;C:\MentorGraphics\9.5PADS\SDD_HOME\common\win32\bin;C:\MentorGraphics\9.5PADS\SDD_HOME\common\win32\lib;C:\MentorGraphics\9.5PADS\MGC_HOME.ixn\bin;C:\MentorGraphics\9.5PADS\MGC_HOME.ixn\lib;C:\Windows\system32;C:\Windows;C:\Windows\System32\Wbem;C:\Program Files\TortoiseSVN\bin;C:\Program Files (x86)\GNU Tools ARM Embedded\5.4 2016q3\bin;C:\Users\Chace.Cao\AppData\Local\Programs\Python\Python36\Scripts\;C:\Users\Chace.Cao\AppData\Local\Programs\Python\Python36\;C:\Users\Chace.Cao\AppData\Local\atom\bin;C:\Program Files\Microsoft VS Code\bin;C:\Cadence\SPB_16.3/tools/pcb/bin;C:\Cadence\SPB_16.3/tools/Capture;C:\Cadence\SPB_16.3/tools/bin;C:\Cadence\SPB_16.3/tools/jre/bin;C:\Cadence\SPB_16.3/tools/fet/bin;C:\Cadence\SPB_16.3/tools/specctra/bin;C:\Cadence\SPB_16.3/tools/libutil/bin;;C:\Users\Chace.Cao\Desktop\RAK811_BreakBoard-UART\coIDE\classA;
USERNAME=Chace.Cao
OS=Windows_NT
PROCESSOR_IDENTIFIER=Intel64 Family 6 Model 94 Stepping 3, GenuineIntel



---------------  S Y S T E M  ---------------

OS: Windows 7 , 64 bit Build 7601 Service Pack 1

CPU:total 4 (4 cores per cpu, 1 threads per core) family 6 model 94 stepping 3, cmov, cx8, fxsr, mmx, sse, sse2, sse3, ssse3, sse4.1, sse4.2, popcnt, avx, avx2, aes, erms, tsc, tscinvbit

Memory: 4k page, physical 8277092k(4719100k free), swap 16552324k(13004448k free)

vm_info: Java HotSpot(TM) Client VM (24.71-b01) for windows-x86 JRE (1.7.0_71-b14), built on Sep 26 2014 16:30:49 by "java_re" with unknown MS VC++:1600

time: Tue Jul 03 18:46:27 2018
elapsed time: 13343 seconds

