#
# A fatal error has been detected by the Java Runtime Environment:
#
#  EXCEPTION_ACCESS_VIOLATION (0xc0000005) at pc=0x5dd5dd39, pid=7116, tid=5568
#
# JRE version: Java(TM) SE Runtime Environment (7.0_71-b14) (build 1.7.0_71-b14)
# Java VM: Java HotSpot(TM) Client VM (24.71-b01 mixed mode windows-x86 )
# Problematic frame:
# C  [jcef.dll+0xdd39]
#
# Failed to write core dump. Minidumps are not enabled by default on client versions of Windows
#
# If you would like to submit a bug report, please visit:
#   http://bugreport.sun.com/bugreport/crash.jsp
#

---------------  T H R E A D  ---------------

Current thread (0x112a3400):  VMThread [stack: 0x113b0000,0x114b0000] [id=5568]

siginfo: ExceptionCode=0xc0000005, reading address 0x00000058

Registers:
EAX=0x112a3530, EBX=0x5ddb8678, ECX=0x00000000, EDX=0x1203d778
ESP=0x114af95c, EBP=0x114af974, ESI=0x1e22162c, EDI=0x1e07a094
EIP=0x5dd5dd39, EFLAGS=0x00010206

Top of Stack: (sp=0x114af95c)
0x114af95c:   112a3530 1203d778 1e07a094 1e2215e0
0x114af96c:   112a3530 01355845 114af984 5dd5e190
0x114af97c:   1e07a094 1e22a760 114af9a0 5dd5ddcc
0x114af98c:   00000001 5dd87e17 1e07a080 5dd87492
0x114af99c:   00000000 114af9c0 52b38e54 1e22a764
0x114af9ac:   1e001680 1e001680 52b72300 1e2271ec
0x114af9bc:   1e056e40 114af9cc 52b72adb 1e036000
0x114af9cc:   114af9e8 52b787e8 00000001 52b39756 

Instructions: (pc=0x5dd5dd39)
0x5dd5dd19:   00 00 c6 45 ff 00 e8 dc 55 ff ff 83 c4 08 85 c0
0x5dd5dd29:   75 1f 8b 45 f8 85 c0 74 18 8b 56 bc 8b 08 52 50
0x5dd5dd39:   8b 41 58 ff d0 8d 4d ff 51 e8 09 56 ff ff 83 c4
0x5dd5dd49:   04 8d 4e e0 e8 1e 08 02 00 8b 46 d4 8b 08 50 51 


Register to memory mapping:

EAX=
[error occurred during error reporting (printing register info), id 0xc0000005]

Stack: [0x113b0000,0x114b0000],  sp=0x114af95c,  free space=1022k
Native frames: (J=compiled Java code, j=interpreted, Vv=VM code, C=native code)
C  [jcef.dll+0xdd39]
C  [jcef.dll+0xe190]
C  [jcef.dll+0xddcc]
C  [libcef.dll+0x48e54]
C  [libcef.dll+0x82adb]
C  [libcef.dll+0x887e8]
C  [jcef.dll+0x35e16]
C  [jcef.dll+0x27813]
C  [jcef.dll+0x5622b]
C  [jcef.dll+0x4825a]
C  [jcef.dll+0x4832d]
C  [jcef.dll+0x44c86]
C  [jcef.dll+0x44cf1]
C  [ntdll.dll+0x39344]
C  [ntdll.dll+0x58f08]
C  [ntdll.dll+0x58daa]
C  [kernel32.dll+0x179c5]
C  [MSVCR100.dll+0x279d7]
C  [MSVCR100.dll+0x27af0]
C  [MSVCR100.dll+0x27b5d]
V  [jvm.dll+0x140952]
V  [jvm.dll+0x16909d]
V  [jvm.dll+0x1684b1]
V  [jvm.dll+0x1688c7]
V  [jvm.dll+0x168ac2]
V  [jvm.dll+0x1a80f9]
C  [MSVCR100.dll+0x5c5c6]
C  [MSVCR100.dll+0x5c670]
C  [kernel32.dll+0x1336a]
C  [ntdll.dll+0x398f2]
C  [ntdll.dll+0x398c5]

VM_Operation (0x0018fac0): Exit, mode: safepoint, requested by thread 0x02238000


---------------  P R O C E S S  ---------------

Java Threads: ( => current thread )
  0x168abc00 JavaThread "AWT-Shutdown" [_thread_blocked, id=232, stack(0x15d80000,0x15e80000)]
  0x1205f800 JavaThread "Thread-11" daemon [_thread_in_native, id=6460, stack(0x20360000,0x20460000)]
  0x1205f400 JavaThread "Thread-9" daemon [_thread_in_native, id=4688, stack(0x1f460000,0x1f560000)]
  0x1205ec00 JavaThread "TimerQueue" daemon [_thread_blocked, id=6520, stack(0x20cf0000,0x20df0000)]
  0x168ad400 JavaThread "Java2D Disposer" daemon [_thread_blocked, id=6876, stack(0x199e0000,0x19ae0000)]
  0x168ab000 JavaThread "Pool C:\Users\Chace.Cao\AppData\Roaming\CooCox\CoIDE\repo\CODB_SIMPLIFY.FDB idleRemover" daemon [_thread_blocked, id=2160, stack(0x1c520000,0x1c620000)]
  0x112f3000 JavaThread "Service Thread" daemon [_thread_blocked, id=6980, stack(0x11c30000,0x11d30000)]
  0x112ee800 JavaThread "C1 CompilerThread0" daemon [_thread_blocked, id=3764, stack(0x11af0000,0x11bf0000)]
  0x112ee000 JavaThread "Attach Listener" daemon [_thread_blocked, id=6212, stack(0x119b0000,0x11ab0000)]
  0x112ed800 JavaThread "Signal Dispatcher" daemon [_thread_blocked, id=3056, stack(0x11870000,0x11970000)]
  0x112e7000 JavaThread "Surrogate Locker Thread (Concurrent GC)" daemon [_thread_blocked, id=6488, stack(0x11730000,0x11830000)]
  0x112aac00 JavaThread "Finalizer" daemon [_thread_blocked, id=7096, stack(0x115f0000,0x116f0000)]
  0x112a6400 JavaThread "Reference Handler" daemon [_thread_blocked, id=3648, stack(0x114b0000,0x115b0000)]
  0x02238000 JavaThread "main" [_thread_blocked, id=3728, stack(0x00090000,0x00190000)]

Other Threads:
=>0x112a3400 VMThread [stack: 0x113b0000,0x114b0000] [id=5568]

VM state:at safepoint (shutting down)

VM Mutex/Monitor currently owned by a thread:  ([mutex/lock_event])
[0x0223b758] Threads_lock - owner thread: 0x112a3400

Heap
 par new generation   total 39296K, used 20855K [0x04800000, 0x072a0000, 0x072a0000)
  eden space 34944K,  55% used [0x04800000, 0x05b15720, 0x06a20000)
  from space 4352K,  30% used [0x06a20000, 0x06b685e0, 0x06e60000)
  to   space 4352K,   0% used [0x06e60000, 0x06e60000, 0x072a0000)
 concurrent mark-sweep generation total 55172K, used 32406K [0x072a0000, 0x0a881000, 0x0c800000)
 concurrent-mark-sweep perm gen total 65536K, used 53058K [0x0c800000, 0x10800000, 0x10800000)

Card table byte_map: [0x02240000,0x022b0000] byte_map_base: 0x0221c000

Polling page: 0x00230000

Code Cache  [0x02300000, 0x02e90000, 0x04300000)
 total_blobs=5664 nmethods=5398 adapters=198 free_code_cache=21422Kb largest_free_block=21437952

Compilation events (10 events):
Event: 2015.412 Thread 0x112ee800 5653   !         org.eclipse.osgi.framework.eventmgr.ListenerQueue::dispatchEventSynchronous (81 bytes)
Event: 2015.412 Thread 0x112ee800 nmethod 5653 0x02b33a08 code [0x02b33b90, 0x02b33f44]
Event: 2015.427 Thread 0x112ee800 5654             org.eclipse.osgi.internal.serviceregistry.ShrinkableCollection::initComposite (157 bytes)
Event: 2015.427 Thread 0x112ee800 nmethod 5654 0x02b33188 code [0x02b33370, 0x02b3369c]
Event: 2037.478 Thread 0x112ee800 5655             org.eclipse.osgi.framework.eventmgr.CopyOnWriteIdentityMap$Snapshot$SnapshotIterator::<init> (24 bytes)
Event: 2037.479 Thread 0x112ee800 nmethod 5655 0x02b90088 code [0x02b90180, 0x02b90220]
Event: 2037.480 Thread 0x112ee800 5656             org.eclipse.osgi.framework.eventmgr.CopyOnWriteIdentityMap$Snapshot$EntryIterator::<init> (11 bytes)
Event: 2037.480 Thread 0x112ee800 nmethod 5656 0x02bb9dc8 code [0x02bb9ec0, 0x02bb9f70]
Event: 2037.482 Thread 0x112ee800 5657             org.eclipse.osgi.framework.eventmgr.CopyOnWriteIdentityMap$Snapshot$EntrySet::iterator (12 bytes)
Event: 2037.482 Thread 0x112ee800 nmethod 5657 0x02c498c8 code [0x02c499c0, 0x02c49ab0]

GC Heap History (10 events):
Event: 1821.427 GC heap before
{Heap before GC invocations=61 (full 10):
 par new generation   total 39296K, used 37206K [0x04800000, 0x072a0000, 0x072a0000)
  eden space 34944K, 100% used [0x04800000, 0x06a20000, 0x06a20000)
  from space 4352K,  51% used [0x06e60000, 0x07095930, 0x072a0000)
  to   space 4352K,   0% used [0x06a20000, 0x06a20000, 0x06e60000)
 concurrent mark-sweep generation total 55172K, used 31867K [0x072a0000, 0x0a881000, 0x0c800000)
 concurrent-mark-sweep perm gen total 65536K, used 52618K [0x0c800000, 0x10800000, 0x10800000)
Event: 1821.429 GC heap after
Heap after GC invocations=62 (full 10):
 par new generation   total 39296K, used 1837K [0x04800000, 0x072a0000, 0x072a0000)
  eden space 34944K,   0% used [0x04800000, 0x04800000, 0x06a20000)
  from space 4352K,  42% used [0x06a20000, 0x06beb698, 0x06e60000)
  to   space 4352K,   0% used [0x06e60000, 0x06e60000, 0x072a0000)
 concurrent mark-sweep generation total 55172K, used 31867K [0x072a0000, 0x0a881000, 0x0c800000)
 concurrent-mark-sweep perm gen total 65536K, used 52618K [0x0c800000, 0x10800000, 0x10800000)
}
Event: 1869.460 GC heap before
{Heap before GC invocations=62 (full 10):
 par new generation   total 39296K, used 36781K [0x04800000, 0x072a0000, 0x072a0000)
  eden space 34944K, 100% used [0x04800000, 0x06a20000, 0x06a20000)
  from space 4352K,  42% used [0x06a20000, 0x06beb698, 0x06e60000)
  to   space 4352K,   0% used [0x06e60000, 0x06e60000, 0x072a0000)
 concurrent mark-sweep generation total 55172K, used 31867K [0x072a0000, 0x0a881000, 0x0c800000)
 concurrent-mark-sweep perm gen total 65536K, used 52618K [0x0c800000, 0x10800000, 0x10800000)
Event: 1869.462 GC heap after
Heap after GC invocations=63 (full 10):
 par new generation   total 39296K, used 1360K [0x04800000, 0x072a0000, 0x072a0000)
  eden space 34944K,   0% used [0x04800000, 0x04800000, 0x06a20000)
  from space 4352K,  31% used [0x06e60000, 0x06fb4248, 0x072a0000)
  to   space 4352K,   0% used [0x06a20000, 0x06a20000, 0x06e60000)
 concurrent mark-sweep generation total 55172K, used 31867K [0x072a0000, 0x0a881000, 0x0c800000)
 concurrent-mark-sweep perm gen total 65536K, used 52618K [0x0c800000, 0x10800000, 0x10800000)
}
Event: 1914.544 GC heap before
{Heap before GC invocations=63 (full 10):
 par new generation   total 39296K, used 36304K [0x04800000, 0x072a0000, 0x072a0000)
  eden space 34944K, 100% used [0x04800000, 0x06a20000, 0x06a20000)
  from space 4352K,  31% used [0x06e60000, 0x06fb4248, 0x072a0000)
  to   space 4352K,   0% used [0x06a20000, 0x06a20000, 0x06e60000)
 concurrent mark-sweep generation total 55172K, used 31867K [0x072a0000, 0x0a881000, 0x0c800000)
 concurrent-mark-sweep perm gen total 65536K, used 52618K [0x0c800000, 0x10800000, 0x10800000)
Event: 1914.546 GC heap after
Heap after GC invocations=64 (full 10):
 par new generation   total 39296K, used 1381K [0x04800000, 0x072a0000, 0x072a0000)
  eden space 34944K,   0% used [0x04800000, 0x04800000, 0x06a20000)
  from space 4352K,  31% used [0x06a20000, 0x06b79460, 0x06e60000)
  to   space 4352K,   0% used [0x06e60000, 0x06e60000, 0x072a0000)
 concurrent mark-sweep generation total 55172K, used 31867K [0x072a0000, 0x0a881000, 0x0c800000)
 concurrent-mark-sweep perm gen total 65536K, used 52618K [0x0c800000, 0x10800000, 0x10800000)
}
Event: 1964.527 GC heap before
{Heap before GC invocations=64 (full 10):
 par new generation   total 39296K, used 36325K [0x04800000, 0x072a0000, 0x072a0000)
  eden space 34944K, 100% used [0x04800000, 0x06a20000, 0x06a20000)
  from space 4352K,  31% used [0x06a20000, 0x06b79460, 0x06e60000)
  to   space 4352K,   0% used [0x06e60000, 0x06e60000, 0x072a0000)
 concurrent mark-sweep generation total 55172K, used 31867K [0x072a0000, 0x0a881000, 0x0c800000)
 concurrent-mark-sweep perm gen total 65536K, used 52618K [0x0c800000, 0x10800000, 0x10800000)
Event: 1964.529 GC heap after
Heap after GC invocations=65 (full 10):
 par new generation   total 39296K, used 1299K [0x04800000, 0x072a0000, 0x072a0000)
  eden space 34944K,   0% used [0x04800000, 0x04800000, 0x06a20000)
  from space 4352K,  29% used [0x06e60000, 0x06fa4e98, 0x072a0000)
  to   space 4352K,   0% used [0x06a20000, 0x06a20000, 0x06e60000)
 concurrent mark-sweep generation total 55172K, used 31867K [0x072a0000, 0x0a881000, 0x0c800000)
 concurrent-mark-sweep perm gen total 65536K, used 52618K [0x0c800000, 0x10800000, 0x10800000)
}
Event: 2015.168 GC heap before
{Heap before GC invocations=65 (full 10):
 par new generation   total 39296K, used 36243K [0x04800000, 0x072a0000, 0x072a0000)
  eden space 34944K, 100% used [0x04800000, 0x06a20000, 0x06a20000)
  from space 4352K,  29% used [0x06e60000, 0x06fa4e98, 0x072a0000)
  to   space 4352K,   0% used [0x06a20000, 0x06a20000, 0x06e60000)
 concurrent mark-sweep generation total 55172K, used 31867K [0x072a0000, 0x0a881000, 0x0c800000)
 concurrent-mark-sweep perm gen total 65536K, used 52688K [0x0c800000, 0x10800000, 0x10800000)
Event: 2015.172 GC heap after
Heap after GC invocations=66 (full 10):
 par new generation   total 39296K, used 1313K [0x04800000, 0x072a0000, 0x072a0000)
  eden space 34944K,   0% used [0x04800000, 0x04800000, 0x06a20000)
  from space 4352K,  30% used [0x06a20000, 0x06b685e0, 0x06e60000)
  to   space 4352K,   0% used [0x06e60000, 0x06e60000, 0x072a0000)
 concurrent mark-sweep generation total 55172K, used 32406K [0x072a0000, 0x0a881000, 0x0c800000)
 concurrent-mark-sweep perm gen total 65536K, used 52688K [0x0c800000, 0x10800000, 0x10800000)
}

Deoptimization events (0 events):
No events

Internal exceptions (10 events):
Event: 2037.475 Thread 0x02238000 Threw 0x059c2b68 at C:\re\jdk7u71\1605\hotspot\src\share\vm\prims\jvm.cpp:1281
Event: 2037.476 Thread 0x02238000 Threw 0x059c6d78 at C:\re\jdk7u71\1605\hotspot\src\share\vm\prims\jvm.cpp:1281
Event: 2037.482 Thread 0x02238000 Threw 0x059d9fc8 at C:\re\jdk7u71\1605\hotspot\src\share\vm\prims\jvm.cpp:1281
Event: 2037.483 Thread 0x02238000 Threw 0x059de220 at C:\re\jdk7u71\1605\hotspot\src\share\vm\prims\jvm.cpp:1281
Event: 2037.483 Thread 0x02238000 Threw 0x059e2d00 at C:\re\jdk7u71\1605\hotspot\src\share\vm\prims\jvm.cpp:1281
Event: 2037.484 Thread 0x02238000 Threw 0x059eef40 at C:\re\jdk7u71\1605\hotspot\src\share\vm\prims\jvm.cpp:1281
Event: 2037.486 Thread 0x11f9e400 Threw 0x05a11bc0 at C:\re\jdk7u71\1605\hotspot\src\share\vm\prims\jvm.cpp:3002
Event: 2037.487 Thread 0x168adc00 Threw 0x05a382f8 at C:\re\jdk7u71\1605\hotspot\src\share\vm\runtime\objectMonitor.cpp:1652
Event: 2037.489 Thread 0x11f42c00 Threw 0x05a43550 at C:\re\jdk7u71\1605\hotspot\src\share\vm\runtime\objectMonitor.cpp:1652
Event: 2037.526 Thread 0x11fc5c00 Threw 0x05a11258 at C:\re\jdk7u71\1605\hotspot\src\share\vm\runtime\objectMonitor.cpp:1652

Events (10 events):
Event: 2037.526 loading class 0x11352760
Event: 2037.526 loading class 0x11352760 done
Event: 2037.526 Thread 0x11f58800 Thread exited: 0x11f58800
Event: 2037.526 Thread 0x168adc00 Thread added: 0x168adc00
Event: 2037.527 Thread 0x168abc00 Thread added: 0x168abc00
Event: 2037.527 Thread 0x168abc00 Thread exited: 0x168abc00
Event: 2037.527 Thread 0x168abc00 Thread added: 0x168abc00
Event: 2037.529 Thread 0x1205d800 Thread exited: 0x1205d800
Event: 2037.627 Thread 0x168adc00 Thread exited: 0x168adc00
Event: 2037.628 Executing VM operation: Exit


Dynamic libraries:
0x00400000 - 0x0040d000 	C:\CooCox\CoIDE_V2Beta\CoIDE.exe
0x772e0000 - 0x77460000 	C:\Windows\SysWOW64\ntdll.dll
0x76840000 - 0x76950000 	C:\Windows\syswow64\kernel32.dll
0x769d0000 - 0x76a17000 	C:\Windows\syswow64\KERNELBASE.dll
0x74e90000 - 0x74f90000 	C:\Windows\syswow64\USER32.dll
0x75250000 - 0x752e0000 	C:\Windows\syswow64\GDI32.dll
0x772b0000 - 0x772ba000 	C:\Windows\syswow64\LPK.dll
0x767a0000 - 0x7683d000 	C:\Windows\syswow64\USP10.dll
0x74a40000 - 0x74aec000 	C:\Windows\syswow64\msvcrt.dll
0x752e0000 - 0x75381000 	C:\Windows\syswow64\ADVAPI32.dll
0x74a20000 - 0x74a39000 	C:\Windows\SysWOW64\sechost.dll
0x74da0000 - 0x74e90000 	C:\Windows\syswow64\RPCRT4.dll
0x74940000 - 0x749a0000 	C:\Windows\syswow64\SspiCli.dll
0x74930000 - 0x7493c000 	C:\Windows\syswow64\CRYPTBASE.dll
0x72fe0000 - 0x73064000 	C:\Windows\WinSxS\x86_microsoft.windows.common-controls_6595b64144ccf1df_5.82.7601.18837_none_ec86b8d6858ec0bc\COMCTL32.dll
0x74c50000 - 0x74cb0000 	C:\Windows\system32\IMM32.DLL
0x75840000 - 0x7590d000 	C:\Windows\syswow64\MSCTF.dll
0x72000000 - 0x7200d000 	C:\CooCox\CoIDE_V2Beta\plugins\org.eclipse.equinox.launcher.win32.win32.x86_1.1.100.v20110502\eclipse_1406.dll
0x74850000 - 0x74859000 	C:\Windows\system32\VERSION.dll
0x608c0000 - 0x60c49000 	C:\CooCox\CoIDE_V2Beta\jre\bin\client\jvm.dll
0x730e0000 - 0x730e7000 	C:\Windows\system32\WSOCK32.dll
0x74fc0000 - 0x74ff5000 	C:\Windows\syswow64\WS2_32.dll
0x75910000 - 0x75916000 	C:\Windows\syswow64\NSI.dll
0x75520000 - 0x75552000 	C:\Windows\syswow64\WINMM.dll
0x74d90000 - 0x74d95000 	C:\Windows\syswow64\PSAPI.DLL
0x70370000 - 0x7042f000 	C:\Windows\system32\MSVCR100.dll
0x6d2d0000 - 0x6d2dc000 	C:\CooCox\CoIDE_V2Beta\jre\bin\verify.dll
0x66730000 - 0x66750000 	C:\CooCox\CoIDE_V2Beta\jre\bin\java.dll
0x66710000 - 0x66723000 	C:\CooCox\CoIDE_V2Beta\jre\bin\zip.dll
0x73330000 - 0x73347000 	C:\Windows\system32\CRYPTSP.dll
0x732f0000 - 0x7332b000 	C:\Windows\system32\rsaenh.dll
0x74830000 - 0x74847000 	C:\Windows\system32\USERENV.dll
0x74820000 - 0x7482b000 	C:\Windows\system32\profapi.dll
0x66690000 - 0x666a4000 	C:\CooCox\CoIDE_V2Beta\jre\bin\net.dll
0x73250000 - 0x7328c000 	C:\Windows\system32\mswsock.dll
0x73230000 - 0x73236000 	C:\Windows\System32\wship6.dll
0x73360000 - 0x7337c000 	C:\Windows\system32\IPHLPAPI.DLL
0x73350000 - 0x73357000 	C:\Windows\system32\WINNSI.DLL
0x6f810000 - 0x6f822000 	C:\Windows\system32\dhcpcsvc.DLL
0x6f800000 - 0x6f80d000 	C:\Windows\system32\dhcpcsvc6.DLL
0x6bcf0000 - 0x6bcff000 	C:\CooCox\CoIDE_V2Beta\jre\bin\nio.dll
0x6d100000 - 0x6d180000 	C:\Windows\system32\uxtheme.dll
0x6cf00000 - 0x6cf4c000 	C:\Windows\system32\apphelp.dll
0x125b0000 - 0x12b27000 	C:\Windows\system32\SOGOUPY.IME
0x6ce00000 - 0x6ce05000 	C:\Windows\system32\MSIMG32.dll
0x74d30000 - 0x74d87000 	C:\Windows\syswow64\SHLWAPI.dll
0x6ca20000 - 0x6ca5c000 	C:\Windows\system32\OLEACC.dll
0x74af0000 - 0x74c4d000 	C:\Windows\syswow64\ole32.dll
0x6f7d0000 - 0x6f7f1000 	C:\Windows\system32\ntmarta.dll
0x76b50000 - 0x76b95000 	C:\Windows\syswow64\WLDAP32.dll
0x75a50000 - 0x7669c000 	C:\Windows\syswow64\SHELL32.dll
0x138b0000 - 0x1399b000 	D:\Program Files (x86)\sogoupinyin\8.3.0.9412\Resource.dll
0x6bb40000 - 0x6bce5000 	D:\Program Files (x86)\sogoupinyin\Components\PicFace\1.0.0.1672\PicFace.dll
0x76950000 - 0x769cb000 	C:\Windows\syswow64\COMDLG32.dll
0x76d00000 - 0x76d91000 	C:\Windows\syswow64\OLEAUT32.dll
0x749a0000 - 0x749b3000 	C:\Windows\syswow64\dwmapi.dll
0x73070000 - 0x73080000 	C:\Windows\system32\NLAapi.dll
0x72fd0000 - 0x72fe0000 	C:\Windows\system32\napinsp.dll
0x72fb0000 - 0x72fc2000 	C:\Windows\system32\pnrpnsp.dll
0x731e0000 - 0x73224000 	C:\Windows\system32\DNSAPI.dll
0x72fa0000 - 0x72fa8000 	C:\Windows\System32\winrnr.dll
0x73240000 - 0x73245000 	C:\Windows\System32\wshtcpip.dll
0x731d0000 - 0x731d6000 	C:\Windows\system32\rasadhlp.dll
0x6f830000 - 0x6f868000 	C:\Windows\System32\fwpuclnt.dll
0x16980000 - 0x169ee000 	C:\CooCox\CoIDE_V2Beta\configuration\org.eclipse.osgi\bundles\115\1\.cp\swt-win32-3740.dll
0x6fd90000 - 0x6fde1000 	C:\Windows\system32\WINSPOOL.DRV
0x6f980000 - 0x6fb1e000 	C:\Windows\WinSxS\x86_microsoft.windows.common-controls_6595b64144ccf1df_6.0.7601.18837_none_41e855142bd5705d\COMCTL32.dll
0x75920000 - 0x75a15000 	C:\Windows\syswow64\WININET.dll
0x76ba0000 - 0x76ce0000 	C:\Windows\syswow64\urlmon.dll
0x749c0000 - 0x749ef000 	C:\Windows\syswow64\XmlLite.dll
0x753f0000 - 0x75511000 	C:\Windows\syswow64\CRYPT32.dll
0x76a20000 - 0x76a2c000 	C:\Windows\syswow64\MSASN1.dll
0x75000000 - 0x75201000 	C:\Windows\syswow64\iertutil.dll
0x6f880000 - 0x6f975000 	C:\Windows\system32\propsys.dll
0x76ac0000 - 0x76b43000 	C:\Windows\syswow64\CLBCatQ.DLL
0x169f0000 - 0x16a0d000 	C:\CooCox\CoIDE_V2Beta\configuration\org.eclipse.osgi\bundles\115\1\.cp\swt-gdip-win32-3740.dll
0x6c560000 - 0x6c6f1000 	C:\Windows\WinSxS\x86_microsoft.windows.gdiplus_6595b64144ccf1df_1.1.7601.23894_none_5c0be957a009922e\gdiplus.dll
0x69c50000 - 0x69d4b000 	C:\Windows\system32\WindowsCodecs.dll
0x70600000 - 0x7060e000 	C:\Windows\system32\RpcRtRemote.dll
0x6b210000 - 0x6b23e000 	C:\Windows\system32\mlang.dll
0x5dfc0000 - 0x5ea4a000 	C:\Windows\SysWOW64\ieframe.dll
0x6cd80000 - 0x6cddf000 	C:\Windows\system32\SXS.DLL
0x60230000 - 0x607f5000 	C:\Windows\SysWOW64\mshtml.dll
0x60ce0000 - 0x60d0a000 	C:\Windows\SysWOW64\msls31.dll
0x6ba20000 - 0x6ba2b000 	C:\Windows\system32\msimtf.dll
0x6fb50000 - 0x6fba2000 	C:\Windows\system32\RASAPI32.dll
0x6fb30000 - 0x6fb45000 	C:\Windows\system32\rasman.dll
0x6f020000 - 0x6f02d000 	C:\Windows\system32\rtutils.dll
0x72e30000 - 0x72e36000 	C:\Windows\system32\sensapi.dll
0x75210000 - 0x75213000 	C:\Windows\syswow64\Normaliz.dll
0x62090000 - 0x620b5000 	C:\CooCox\CoIDE_V2Beta\jre\bin\jaybird22.dll
0x1a600000 - 0x1a9ad000 	C:\CooCox\CoIDE_V2Beta\jre\bin\fbembed.dll
0x5df20000 - 0x5dfbb000 	C:\Windows\WinSxS\x86_microsoft.vc80.crt_1fc8b3b9a1e18e3b_8.0.50727.6229_none_d089f796442de10e\MSVCR80.dll
0x6f090000 - 0x6f0a2000 	C:\Windows\system32\MPR.dll
0x4a800000 - 0x4a8a8000 	C:\CooCox\CoIDE_V2Beta\jre\bin\icuuc30.dll
0x4ad00000 - 0x4ae7f000 	C:\CooCox\CoIDE_V2Beta\jre\bin\icudt30.dll
0x1a550000 - 0x1a556000 	C:\CooCox\CoIDE_V2Beta\jre\bin\ib_util.dll
0x1aca0000 - 0x1ad83000 	C:\CooCox\CoIDE_V2Beta\jre\bin\intl\fbintl.DLL
0x1c720000 - 0x1c72e000 	C:\CooCox\CoIDE_V2Beta\configuration\org.eclipse.osgi\bundles\72\1\.cp\os\win32\x86\localfile_1_0_0.dll
0x5ddd0000 - 0x5df13000 	C:\CooCox\CoIDE_V2Beta\jre\bin\awt.dll
0x601f0000 - 0x60229000 	C:\CooCox\CoIDE_V2Beta\jre\bin\fontmanager.dll
0x6b140000 - 0x6b146000 	C:\CooCox\CoIDE_V2Beta\jre\bin\jawt.dll
0x52af0000 - 0x55224000 	C:\CooCox\CoIDE_V2Beta\bin\Release\libcef.dll
0x6f030000 - 0x6f088000 	C:\Windows\system32\WINHTTP.dll
0x6efd0000 - 0x6f01f000 	C:\Windows\system32\webio.dll
0x74810000 - 0x7481d000 	C:\Windows\system32\WTSAPI32.dll
0x6ea60000 - 0x6ea68000 	C:\Windows\system32\Secur32.dll
0x756a0000 - 0x7583d000 	C:\Windows\syswow64\SETUPAPI.dll
0x75a20000 - 0x75a47000 	C:\Windows\syswow64\CFGMGR32.dll
0x76ce0000 - 0x76cf2000 	C:\Windows\syswow64\DEVOBJ.dll
0x5dd50000 - 0x5ddc3000 	C:\CooCox\CoIDE_V2Beta\bin\Release\jcef.dll
0x6cf90000 - 0x6cfc6000 	C:\Windows\system32\audioses.dll
0x6d020000 - 0x6d059000 	C:\Windows\system32\MMDevAPI.DLL
0x749f0000 - 0x74a1f000 	C:\Windows\syswow64\WINTRUST.dll
0x6d0c0000 - 0x6d0e9000 	C:\Windows\system32\WINSTA.dll
0x6b150000 - 0x6b1c9000 	C:\Windows\system32\mscms.dll
0x6e7c0000 - 0x6e7cb000 	C:\CooCox\CoIDE_V2Beta\plugins\org.eclipse.cdt.core.win32.x86_5.2.0.201202111925\os\win32\x86\spawner.dll
0x600f0000 - 0x601a2000 	C:\Windows\SysWOW64\jscript.dll
0x6fc00000 - 0x6fceb000 	C:\Windows\system32\dbghelp.dll

VM Arguments:
jvm_args: -Dosgi.parentClassloader=ext --launcher.XXMaxPermSize 256M -vmargs -Xms60m -Xmx128m -XX:+UseConcMarkSweepGC -XX:+CMSClassUnloadingEnabled 
java_command: <unknown>
Launcher Type: generic

Environment Variables:
PATH=C:/CooCox/CoIDE_V2Beta/jre/bin/client;C:/CooCox/CoIDE_V2Beta/jre/bin;C:/CooCox/CoIDE_V2Beta/jre/lib/i386;C:\MentorGraphics\9.5PADS\SDD_HOME\common\win32\bin;C:\MentorGraphics\9.5PADS\SDD_HOME\common\win32\lib;C:\MentorGraphics\9.5PADS\MGC_HOME.ixn\bin;C:\MentorGraphics\9.5PADS\MGC_HOME.ixn\lib;C:\Windows\system32;C:\Windows;C:\Windows\System32\Wbem;C:\Program Files\TortoiseSVN\bin;C:\Program Files (x86)\GNU Tools ARM Embedded\5.4 2016q3\bin;C:\Users\Chace.Cao\AppData\Local\Programs\Python\Python36\Scripts\;C:\Users\Chace.Cao\AppData\Local\Programs\Python\Python36\;C:\Users\Chace.Cao\AppData\Local\atom\bin;C:\Program Files\Microsoft VS Code\bin;C:\Cadence\SPB_16.3/tools/pcb/bin;C:\Cadence\SPB_16.3/tools/Capture;C:\Cadence\SPB_16.3/tools/bin;C:\Cadence\SPB_16.3/tools/jre/bin;C:\Cadence\SPB_16.3/tools/fet/bin;C:\Cadence\SPB_16.3/tools/specctra/bin;C:\Cadence\SPB_16.3/tools/libutil/bin;;C:\Users\Chace.Cao\Desktop\RAK811_BreakBoard-UART\coIDE\classA;
USERNAME=Chace.Cao
OS=Windows_NT
PROCESSOR_IDENTIFIER=Intel64 Family 6 Model 94 Stepping 3, GenuineIntel



---------------  S Y S T E M  ---------------

OS: Windows 7 , 64 bit Build 7601 Service Pack 1

CPU:total 4 (4 cores per cpu, 1 threads per core) family 6 model 94 stepping 3, cmov, cx8, fxsr, mmx, sse, sse2, sse3, ssse3, sse4.1, sse4.2, popcnt, avx, avx2, aes, erms, tsc, tscinvbit

Memory: 4k page, physical 8277092k(4447952k free), swap 16552324k(12631024k free)

vm_info: Java HotSpot(TM) Client VM (24.71-b01) for windows-x86 JRE (1.7.0_71-b14), built on Sep 26 2014 16:30:49 by "java_re" with unknown MS VC++:1600

time: Thu Jul 05 17:47:49 2018
elapsed time: 2038 seconds

