#
# A fatal error has been detected by the Java Runtime Environment:
#
#  EXCEPTION_ACCESS_VIOLATION (0xc0000005) at pc=0x6667dd39, pid=720, tid=3312
#
# JRE version: Java(TM) SE Runtime Environment (7.0_71-b14) (build 1.7.0_71-b14)
# Java VM: Java HotSpot(TM) Client VM (24.71-b01 mixed mode windows-x86 )
# Problematic frame:
# C  [jcef.dll+0xdd39]
#
# Failed to write core dump. Minidumps are not enabled by default on client versions of Windows
#
# If you would like to submit a bug report, please visit:
#   http://bugreport.sun.com/bugreport/crash.jsp
#

---------------  T H R E A D  ---------------

Current thread (0x112a0800):  VMThread [stack: 0x113b0000,0x114b0000] [id=3312]

siginfo: ExceptionCode=0xc0000005, reading address 0x00000058

Registers:
EAX=0x112a0930, EBX=0x666d8678, ECX=0x00000000, EDX=0x112a10dc
ESP=0x114af75c, EBP=0x114af774, ESI=0x1e93162c, EDI=0x1e81a074
EIP=0x6667dd39, EFLAGS=0x00010206

Top of Stack: (sp=0x114af75c)
0x114af75c:   112a0930 112a10dc 1e81a074 1e9315e0
0x114af76c:   112a0930 01e15845 114af784 6667e190
0x114af77c:   1e81a074 1e93a7b0 114af7a0 6667ddcc
0x114af78c:   00000001 666a7e17 1e81a060 666a7492
0x114af79c:   00000000 114af7c0 51b58e54 1e93a7b4
0x114af7ac:   1e7a1680 1e7a1680 51b92300 1e93723c
0x114af7bc:   1e7f6c20 114af7cc 51b92adb 1e7d6000
0x114af7cc:   114af7e8 51b987e8 00000001 51b59756 

Instructions: (pc=0x6667dd39)
0x6667dd19:   00 00 c6 45 ff 00 e8 dc 55 ff ff 83 c4 08 85 c0
0x6667dd29:   75 1f 8b 45 f8 85 c0 74 18 8b 56 bc 8b 08 52 50
0x6667dd39:   8b 41 58 ff d0 8d 4d ff 51 e8 09 56 ff ff 83 c4
0x6667dd49:   04 8d 4e e0 e8 1e 08 02 00 8b 46 d4 8b 08 50 51 


Register to memory mapping:

EAX=
[error occurred during error reporting (printing register info), id 0xc0000005]

Stack: [0x113b0000,0x114b0000],  sp=0x114af75c,  free space=1021k
Native frames: (J=compiled Java code, j=interpreted, Vv=VM code, C=native code)
C  [jcef.dll+0xdd39]
C  [jcef.dll+0xe190]
C  [jcef.dll+0xddcc]
C  [libcef.dll+0x48e54]
C  [libcef.dll+0x82adb]
C  [libcef.dll+0x887e8]
C  [jcef.dll+0x35e16]
C  [jcef.dll+0x27813]
C  [jcef.dll+0x5622b]
C  [jcef.dll+0x4825a]
C  [jcef.dll+0x4832d]
C  [jcef.dll+0x44c86]
C  [jcef.dll+0x44cf1]
C  [ntdll.dll+0x39344]
C  [ntdll.dll+0x58f08]
C  [ntdll.dll+0x58daa]
C  [kernel32.dll+0x179c5]
C  [MSVCR100.dll+0x279d7]
C  [MSVCR100.dll+0x27af0]
C  [MSVCR100.dll+0x27b5d]
V  [jvm.dll+0x140952]
V  [jvm.dll+0x16909d]
V  [jvm.dll+0x1684b1]
V  [jvm.dll+0x1688c7]
V  [jvm.dll+0x168ac2]
V  [jvm.dll+0x1a80f9]
C  [MSVCR100.dll+0x5c5c6]
C  [MSVCR100.dll+0x5c670]
C  [kernel32.dll+0x1336a]
C  [ntdll.dll+0x398f2]
C  [ntdll.dll+0x398c5]

VM_Operation (0x0018fac0): Exit, mode: safepoint, requested by thread 0x0231c800


---------------  P R O C E S S  ---------------

Java Threads: ( => current thread )
  0x19013800 JavaThread "AWT-EventQueue-0" [_thread_blocked, id=7620, stack(0x1b080000,0x1b180000)]
  0x19013000 JavaThread "AWT-Shutdown" [_thread_blocked, id=7292, stack(0x1af80000,0x1b080000)]
  0x1972bc00 JavaThread "pool-1-thread-1" [_thread_blocked, id=4600, stack(0x22680000,0x22780000)]
  0x1972b800 JavaThread "Thread-11" daemon [_thread_in_native, id=1804, stack(0x20c40000,0x20d40000)]
  0x1972b000 JavaThread "Thread-9" daemon [_thread_in_native, id=276, stack(0x1fbe0000,0x1fce0000)]
  0x1972ac00 JavaThread "TimerQueue" daemon [_thread_blocked, id=8184, stack(0x213d0000,0x214d0000)]
  0x19011c00 JavaThread "Java2D Disposer" daemon [_thread_blocked, id=3736, stack(0x1d700000,0x1d800000)]
  0x19011800 JavaThread "Pool C:\Users\Chace.Cao\AppData\Roaming\CooCox\CoIDE\repo\CODB_SIMPLIFY.FDB idleRemover" daemon [_thread_blocked, id=8164, stack(0x1d4a0000,0x1d5a0000)]
  0x112f1800 JavaThread "Service Thread" daemon [_thread_blocked, id=7348, stack(0x11bf0000,0x11cf0000)]
  0x112ecc00 JavaThread "C1 CompilerThread0" daemon [_thread_blocked, id=7236, stack(0x11ab0000,0x11bb0000)]
  0x112ec000 JavaThread "Attach Listener" daemon [_thread_blocked, id=7924, stack(0x11970000,0x11a70000)]
  0x112eb800 JavaThread "Signal Dispatcher" daemon [_thread_blocked, id=6824, stack(0x11830000,0x11930000)]
  0x112e9000 JavaThread "Surrogate Locker Thread (Concurrent GC)" daemon [_thread_blocked, id=7640, stack(0x116f0000,0x117f0000)]
  0x112a7800 JavaThread "Finalizer" daemon [_thread_blocked, id=716, stack(0x115b0000,0x116b0000)]
  0x112a2c00 JavaThread "Reference Handler" daemon [_thread_blocked, id=5396, stack(0x114b0000,0x115b0000)]
  0x0231c800 JavaThread "main" [_thread_blocked, id=2312, stack(0x00090000,0x00190000)]

Other Threads:
=>0x112a0800 VMThread [stack: 0x113b0000,0x114b0000] [id=3312]

VM state:at safepoint (shutting down)

VM Mutex/Monitor currently owned by a thread:  ([mutex/lock_event])
[0x0231adb8] Threads_lock - owner thread: 0x112a0800

Heap
 par new generation   total 39296K, used 4071K [0x04800000, 0x072a0000, 0x072a0000)
  eden space 34944K,   5% used [0x04800000, 0x049f12d0, 0x06a20000)
  from space 4352K,  47% used [0x06a20000, 0x06c28cc8, 0x06e60000)
  to   space 4352K,   0% used [0x06e60000, 0x06e60000, 0x072a0000)
 concurrent mark-sweep generation total 57804K, used 46403K [0x072a0000, 0x0ab13000, 0x0c800000)
 concurrent-mark-sweep perm gen total 64360K, used 44083K [0x0c800000, 0x106da000, 0x10800000)

Card table byte_map: [0x04660000,0x046d0000] byte_map_base: 0x0463c000

Polling page: 0x00330000

Code Cache  [0x02320000, 0x02b70000, 0x04320000)
 total_blobs=4587 nmethods=4325 adapters=197 free_code_cache=24268Kb largest_free_block=24843712

Compilation events (10 events):
Event: 46.626 Thread 0x112ecc00 4406             org.eclipse.osgi.framework.eventmgr.CopyOnWriteIdentityMap$Snapshot$EntrySet::iterator (12 bytes)
Event: 46.626 Thread 0x112ecc00 nmethod 4406 0x02b6c188 code [0x02b6c280, 0x02b6c370]
Event: 46.642 Thread 0x112ecc00 4407             org.eclipse.osgi.framework.eventmgr.CopyOnWriteIdentityMap$Snapshot$EntrySet::size (9 bytes)
Event: 46.642 Thread 0x112ecc00 nmethod 4407 0x02b6c448 code [0x02b6c540, 0x02b6c5d0]
Event: 46.642 Thread 0x112ecc00 4408  s          org.eclipse.osgi.framework.eventmgr.ListenerQueue::queueListeners (37 bytes)
Event: 46.642 Thread 0x112ecc00 nmethod 4408 0x02b6c648 code [0x02b6c770, 0x02b6c9f4]
Event: 46.642 Thread 0x112ecc00 4409             org.eclipse.osgi.internal.serviceregistry.ShrinkableCollection::initComposite (157 bytes)
Event: 46.642 Thread 0x112ecc00 nmethod 4409 0x02b6cb08 code [0x02b6ccf0, 0x02b6d01c]
Event: 46.659 Thread 0x112ecc00 4410   !         org.eclipse.osgi.internal.serviceregistry.ServiceRegistry::publishServiceEventPrivileged (256 bytes)
Event: 46.661 Thread 0x112ecc00 nmethod 4410 0x02b6d388 code [0x02b6d610, 0x02b6df74]

GC Heap History (10 events):
Event: 24.368 GC heap before
{Heap before GC invocations=19 (full 10):
 par new generation   total 39296K, used 39295K [0x04800000, 0x072a0000, 0x072a0000)
  eden space 34944K,  99% used [0x04800000, 0x06a1fee8, 0x06a20000)
  from space 4352K, 100% used [0x06e60000, 0x072a0000, 0x072a0000)
  to   space 4352K,   0% used [0x06a20000, 0x06a20000, 0x06e60000)
 concurrent mark-sweep generation total 57804K, used 39451K [0x072a0000, 0x0ab13000, 0x0c800000)
 concurrent-mark-sweep perm gen total 64360K, used 42006K [0x0c800000, 0x106da000, 0x10800000)
Event: 24.374 GC heap after
Heap after GC invocations=20 (full 10):
 par new generation   total 39296K, used 4352K [0x04800000, 0x072a0000, 0x072a0000)
  eden space 34944K,   0% used [0x04800000, 0x04800000, 0x06a20000)
  from space 4352K, 100% used [0x06a20000, 0x06e60000, 0x06e60000)
  to   space 4352K,   0% used [0x06e60000, 0x06e60000, 0x072a0000)
 concurrent mark-sweep generation total 57804K, used 44018K [0x072a0000, 0x0ab13000, 0x0c800000)
 concurrent-mark-sweep perm gen total 64360K, used 42006K [0x0c800000, 0x106da000, 0x10800000)
}
Event: 25.269 GC heap before
{Heap before GC invocations=20 (full 10):
 par new generation   total 39296K, used 39296K [0x04800000, 0x072a0000, 0x072a0000)
  eden space 34944K, 100% used [0x04800000, 0x06a20000, 0x06a20000)
  from space 4352K, 100% used [0x06a20000, 0x06e60000, 0x06e60000)
  to   space 4352K,   0% used [0x06e60000, 0x06e60000, 0x072a0000)
 concurrent mark-sweep generation total 57804K, used 44018K [0x072a0000, 0x0ab13000, 0x0c800000)
 concurrent-mark-sweep perm gen total 64360K, used 43550K [0x0c800000, 0x106da000, 0x10800000)
Event: 25.274 GC heap after
Heap after GC invocations=21 (full 10):
 par new generation   total 39296K, used 4352K [0x04800000, 0x072a0000, 0x072a0000)
  eden space 34944K,   0% used [0x04800000, 0x04800000, 0x06a20000)
  from space 4352K, 100% used [0x06e60000, 0x072a0000, 0x072a0000)
  to   space 4352K,   0% used [0x06a20000, 0x06a20000, 0x06e60000)
 concurrent mark-sweep generation total 57804K, used 44651K [0x072a0000, 0x0ab13000, 0x0c800000)
 concurrent-mark-sweep perm gen total 64360K, used 43550K [0x0c800000, 0x106da000, 0x10800000)
}
Event: 37.615 GC heap before
{Heap before GC invocations=21 (full 10):
 par new generation   total 39296K, used 39296K [0x04800000, 0x072a0000, 0x072a0000)
  eden space 34944K, 100% used [0x04800000, 0x06a20000, 0x06a20000)
  from space 4352K, 100% used [0x06e60000, 0x072a0000, 0x072a0000)
  to   space 4352K,   0% used [0x06a20000, 0x06a20000, 0x06e60000)
 concurrent mark-sweep generation total 57804K, used 44651K [0x072a0000, 0x0ab13000, 0x0c800000)
 concurrent-mark-sweep perm gen total 64360K, used 43578K [0x0c800000, 0x106da000, 0x10800000)
Event: 37.619 GC heap after
Heap after GC invocations=22 (full 10):
 par new generation   total 39296K, used 2177K [0x04800000, 0x072a0000, 0x072a0000)
  eden space 34944K,   0% used [0x04800000, 0x04800000, 0x06a20000)
  from space 4352K,  50% used [0x06a20000, 0x06c406e0, 0x06e60000)
  to   space 4352K,   0% used [0x06e60000, 0x06e60000, 0x072a0000)
 concurrent mark-sweep generation total 57804K, used 46403K [0x072a0000, 0x0ab13000, 0x0c800000)
 concurrent-mark-sweep perm gen total 64360K, used 43578K [0x0c800000, 0x106da000, 0x10800000)
}
Event: 41.984 GC heap before
{Heap before GC invocations=22 (full 10):
 par new generation   total 39296K, used 37121K [0x04800000, 0x072a0000, 0x072a0000)
  eden space 34944K, 100% used [0x04800000, 0x06a20000, 0x06a20000)
  from space 4352K,  50% used [0x06a20000, 0x06c406e0, 0x06e60000)
  to   space 4352K,   0% used [0x06e60000, 0x06e60000, 0x072a0000)
 concurrent mark-sweep generation total 57804K, used 46403K [0x072a0000, 0x0ab13000, 0x0c800000)
 concurrent-mark-sweep perm gen total 64360K, used 43683K [0x0c800000, 0x106da000, 0x10800000)
Event: 41.986 GC heap after
Heap after GC invocations=23 (full 10):
 par new generation   total 39296K, used 1937K [0x04800000, 0x072a0000, 0x072a0000)
  eden space 34944K,   0% used [0x04800000, 0x04800000, 0x06a20000)
  from space 4352K,  44% used [0x06e60000, 0x07044738, 0x072a0000)
  to   space 4352K,   0% used [0x06a20000, 0x06a20000, 0x06e60000)
 concurrent mark-sweep generation total 57804K, used 46403K [0x072a0000, 0x0ab13000, 0x0c800000)
 concurrent-mark-sweep perm gen total 64360K, used 43683K [0x0c800000, 0x106da000, 0x10800000)
}
Event: 46.644 GC heap before
{Heap before GC invocations=23 (full 10):
 par new generation   total 39296K, used 36881K [0x04800000, 0x072a0000, 0x072a0000)
  eden space 34944K, 100% used [0x04800000, 0x06a20000, 0x06a20000)
  from space 4352K,  44% used [0x06e60000, 0x07044738, 0x072a0000)
  to   space 4352K,   0% used [0x06a20000, 0x06a20000, 0x06e60000)
 concurrent mark-sweep generation total 57804K, used 46403K [0x072a0000, 0x0ab13000, 0x0c800000)
 concurrent-mark-sweep perm gen total 64360K, used 44051K [0x0c800000, 0x106da000, 0x10800000)
Event: 46.648 GC heap after
Heap after GC invocations=24 (full 10):
 par new generation   total 39296K, used 2083K [0x04800000, 0x072a0000, 0x072a0000)
  eden space 34944K,   0% used [0x04800000, 0x04800000, 0x06a20000)
  from space 4352K,  47% used [0x06a20000, 0x06c28cc8, 0x06e60000)
  to   space 4352K,   0% used [0x06e60000, 0x06e60000, 0x072a0000)
 concurrent mark-sweep generation total 57804K, used 46403K [0x072a0000, 0x0ab13000, 0x0c800000)
 concurrent-mark-sweep perm gen total 64360K, used 44051K [0x0c800000, 0x106da000, 0x10800000)
}

Deoptimization events (0 events):
No events

Internal exceptions (10 events):
Event: 46.652 Thread 0x0231c800 Threw 0x04814bc0 at C:\re\jdk7u71\1605\hotspot\src\share\vm\prims\jvm.cpp:1281
Event: 46.652 Thread 0x0231c800 Threw 0x04818de8 at C:\re\jdk7u71\1605\hotspot\src\share\vm\prims\jvm.cpp:1281
Event: 46.655 Thread 0x0231c800 Threw 0x04830138 at C:\re\jdk7u71\1605\hotspot\src\share\vm\prims\jvm.cpp:1281
Event: 46.656 Thread 0x0231c800 Threw 0x04834390 at C:\re\jdk7u71\1605\hotspot\src\share\vm\prims\jvm.cpp:1281
Event: 46.657 Thread 0x0231c800 Threw 0x04839418 at C:\re\jdk7u71\1605\hotspot\src\share\vm\prims\jvm.cpp:1281
Event: 46.658 Thread 0x0231c800 Threw 0x04845658 at C:\re\jdk7u71\1605\hotspot\src\share\vm\prims\jvm.cpp:1281
Event: 46.660 Thread 0x11f65000 Threw 0x048678c0 at C:\re\jdk7u71\1605\hotspot\src\share\vm\prims\jvm.cpp:3002
Event: 46.662 Thread 0x19013c00 Threw 0x04916418 at C:\re\jdk7u71\1605\hotspot\src\share\vm\runtime\objectMonitor.cpp:1652
Event: 46.667 Thread 0x11f72400 Threw 0x0491cc50 at C:\re\jdk7u71\1605\hotspot\src\share\vm\runtime\objectMonitor.cpp:1652
Event: 46.715 Thread 0x11f61400 Threw 0x04864bc0 at C:\re\jdk7u71\1605\hotspot\src\share\vm\runtime\objectMonitor.cpp:1652

Events (10 events):
Event: 46.716 loading class 0x11340780 done
Event: 46.716 Thread 0x11f54400 Thread exited: 0x11f54400
Event: 46.716 Thread 0x19013c00 Thread added: 0x19013c00
Event: 46.716 Thread 0x19012c00 Thread added: 0x19012c00
Event: 46.716 Thread 0x19012c00 Thread exited: 0x19012c00
Event: 46.720 Executing VM operation: RevokeBias
Event: 46.720 Executing VM operation: RevokeBias done
Event: 46.720 Thread 0x19729800 Thread exited: 0x19729800
Event: 46.816 Thread 0x19013c00 Thread exited: 0x19013c00
Event: 46.816 Executing VM operation: Exit


Dynamic libraries:
0x00400000 - 0x0040d000 	C:\CooCox\CoIDE_V2Beta\CoIDE.exe
0x77da0000 - 0x77f20000 	C:\Windows\SysWOW64\ntdll.dll
0x77750000 - 0x77860000 	C:\Windows\syswow64\kernel32.dll
0x76f40000 - 0x76f87000 	C:\Windows\syswow64\KERNELBASE.dll
0x76610000 - 0x76710000 	C:\Windows\syswow64\USER32.dll
0x76920000 - 0x769b0000 	C:\Windows\syswow64\GDI32.dll
0x769c0000 - 0x769ca000 	C:\Windows\syswow64\LPK.dll
0x773a0000 - 0x7743d000 	C:\Windows\syswow64\USP10.dll
0x757f0000 - 0x7589c000 	C:\Windows\syswow64\msvcrt.dll
0x76500000 - 0x765a1000 	C:\Windows\syswow64\ADVAPI32.dll
0x757d0000 - 0x757e9000 	C:\Windows\SysWOW64\sechost.dll
0x756e0000 - 0x757d0000 	C:\Windows\syswow64\RPCRT4.dll
0x75400000 - 0x75460000 	C:\Windows\syswow64\SspiCli.dll
0x753f0000 - 0x753fc000 	C:\Windows\syswow64\CRYPTBASE.dll
0x73aa0000 - 0x73b24000 	C:\Windows\WinSxS\x86_microsoft.windows.common-controls_6595b64144ccf1df_5.82.7601.18837_none_ec86b8d6858ec0bc\COMCTL32.dll
0x765b0000 - 0x76610000 	C:\Windows\system32\IMM32.DLL
0x772d0000 - 0x7739d000 	C:\Windows\syswow64\MSCTF.dll
0x72000000 - 0x7200d000 	C:\CooCox\CoIDE_V2Beta\plugins\org.eclipse.equinox.launcher.win32.win32.x86_1.1.100.v20110502\eclipse_1406.dll
0x75310000 - 0x75319000 	C:\Windows\system32\VERSION.dll
0x66a10000 - 0x66d99000 	C:\CooCox\CoIDE_V2Beta\jre\bin\client\jvm.dll
0x73b90000 - 0x73b97000 	C:\Windows\system32\WSOCK32.dll
0x771d0000 - 0x77205000 	C:\Windows\syswow64\WS2_32.dll
0x76910000 - 0x76916000 	C:\Windows\syswow64\NSI.dll
0x756a0000 - 0x756d2000 	C:\Windows\syswow64\WINMM.dll
0x76900000 - 0x76905000 	C:\Windows\syswow64\PSAPI.DLL
0x70ea0000 - 0x70f5f000 	C:\Windows\system32\MSVCR100.dll
0x6a5e0000 - 0x6a5ec000 	C:\CooCox\CoIDE_V2Beta\jre\bin\verify.dll
0x669f0000 - 0x66a10000 	C:\CooCox\CoIDE_V2Beta\jre\bin\java.dll
0x669d0000 - 0x669e3000 	C:\CooCox\CoIDE_V2Beta\jre\bin\zip.dll
0x73de0000 - 0x73df7000 	C:\Windows\system32\CRYPTSP.dll
0x73da0000 - 0x73ddb000 	C:\Windows\system32\rsaenh.dll
0x752f0000 - 0x75307000 	C:\Windows\system32\USERENV.dll
0x752e0000 - 0x752eb000 	C:\Windows\system32\profapi.dll
0x669b0000 - 0x669c4000 	C:\CooCox\CoIDE_V2Beta\jre\bin\net.dll
0x73d00000 - 0x73d3c000 	C:\Windows\system32\mswsock.dll
0x73ce0000 - 0x73ce6000 	C:\Windows\System32\wship6.dll
0x73e10000 - 0x73e2c000 	C:\Windows\system32\IPHLPAPI.DLL
0x73e00000 - 0x73e07000 	C:\Windows\system32\WINNSI.DLL
0x70350000 - 0x70362000 	C:\Windows\system32\dhcpcsvc.DLL
0x70340000 - 0x7034d000 	C:\Windows\system32\dhcpcsvc6.DLL
0x669a0000 - 0x669af000 	C:\CooCox\CoIDE_V2Beta\jre\bin\nio.dll
0x6dc50000 - 0x6dcd0000 	C:\Windows\system32\uxtheme.dll
0x6d5d0000 - 0x6d61c000 	C:\Windows\system32\apphelp.dll
0x12610000 - 0x12b87000 	C:\Windows\system32\SOGOUPY.IME
0x6d5c0000 - 0x6d5c5000 	C:\Windows\system32\MSIMG32.dll
0x76b80000 - 0x76bd7000 	C:\Windows\syswow64\SHLWAPI.dll
0x6d580000 - 0x6d5bc000 	C:\Windows\system32\OLEACC.dll
0x76be0000 - 0x76d3d000 	C:\Windows\syswow64\ole32.dll
0x70310000 - 0x70331000 	C:\Windows\system32\ntmarta.dll
0x77460000 - 0x774a5000 	C:\Windows\syswow64\WLDAP32.dll
0x758a0000 - 0x764ec000 	C:\Windows\syswow64\SHELL32.dll
0x6bde0000 - 0x6bf85000 	D:\Program Files (x86)\sogoupinyin\Components\PicFace\1.0.0.1672\PicFace.dll
0x76880000 - 0x768fb000 	C:\Windows\syswow64\COMDLG32.dll
0x77130000 - 0x771c1000 	C:\Windows\syswow64\OLEAUT32.dll
0x148f0000 - 0x149db000 	D:\Program Files (x86)\sogoupinyin\8.3.0.9412\Resource.dll
0x76f20000 - 0x76f33000 	C:\Windows\syswow64\dwmapi.dll
0x73a90000 - 0x73aa0000 	C:\Windows\system32\NLAapi.dll
0x73a80000 - 0x73a90000 	C:\Windows\system32\napinsp.dll
0x73a60000 - 0x73a72000 	C:\Windows\system32\pnrpnsp.dll
0x73c90000 - 0x73cd4000 	C:\Windows\system32\DNSAPI.dll
0x73a50000 - 0x73a58000 	C:\Windows\System32\winrnr.dll
0x73cf0000 - 0x73cf5000 	C:\Windows\System32\wshtcpip.dll
0x73c80000 - 0x73c86000 	C:\Windows\system32\rasadhlp.dll
0x70370000 - 0x703a8000 	C:\Windows\System32\fwpuclnt.dll
0x14eb0000 - 0x14f1e000 	C:\CooCox\CoIDE_V2Beta\configuration\org.eclipse.osgi\bundles\115\1\.cp\swt-win32-3740.dll
0x70880000 - 0x708d1000 	C:\Windows\system32\WINSPOOL.DRV
0x704c0000 - 0x7065e000 	C:\Windows\WinSxS\x86_microsoft.windows.common-controls_6595b64144ccf1df_6.0.7601.18837_none_41e855142bd5705d\COMCTL32.dll
0x76e20000 - 0x76f15000 	C:\Windows\syswow64\WININET.dll
0x76740000 - 0x76880000 	C:\Windows\syswow64\urlmon.dll
0x774b0000 - 0x774df000 	C:\Windows\syswow64\XmlLite.dll
0x774e0000 - 0x77601000 	C:\Windows\syswow64\CRYPT32.dll
0x764f0000 - 0x764fc000 	C:\Windows\syswow64\MSASN1.dll
0x75490000 - 0x75691000 	C:\Windows\syswow64\iertutil.dll
0x703c0000 - 0x704b5000 	C:\Windows\system32\propsys.dll
0x76a00000 - 0x76a83000 	C:\Windows\syswow64\CLBCatQ.DLL
0x14bb0000 - 0x14bcd000 	C:\CooCox\CoIDE_V2Beta\configuration\org.eclipse.osgi\bundles\115\1\.cp\swt-gdip-win32-3740.dll
0x6d0d0000 - 0x6d261000 	C:\Windows\WinSxS\x86_microsoft.windows.gdiplus_6595b64144ccf1df_1.1.7601.23894_none_5c0be957a009922e\gdiplus.dll
0x6aae0000 - 0x6abdb000 	C:\Windows\system32\WindowsCodecs.dll
0x134d0000 - 0x134de000 	C:\CooCox\CoIDE_V2Beta\configuration\org.eclipse.osgi\bundles\72\1\.cp\os\win32\x86\localfile_1_0_0.dll
0x71140000 - 0x7114e000 	C:\Windows\system32\RpcRtRemote.dll
0x740e0000 - 0x7410e000 	C:\Windows\system32\mlang.dll
0x54250000 - 0x54cda000 	C:\Windows\SysWOW64\ieframe.dll
0x6d940000 - 0x6d99f000 	C:\Windows\system32\SXS.DLL
0x56200000 - 0x567c5000 	C:\Windows\SysWOW64\mshtml.dll
0x66970000 - 0x6699a000 	C:\Windows\SysWOW64\msls31.dll
0x66960000 - 0x6696b000 	C:\Windows\system32\msimtf.dll
0x70690000 - 0x706e2000 	C:\Windows\system32\RASAPI32.dll
0x70670000 - 0x70685000 	C:\Windows\system32\rasman.dll
0x6fb60000 - 0x6fb6d000 	C:\Windows\system32\rtutils.dll
0x738e0000 - 0x738e6000 	C:\Windows\system32\sensapi.dll
0x769b0000 - 0x769b3000 	C:\Windows\syswow64\Normaliz.dll
0x66930000 - 0x66955000 	C:\CooCox\CoIDE_V2Beta\jre\bin\jaybird22.dll
0x1c3e0000 - 0x1c78d000 	C:\CooCox\CoIDE_V2Beta\jre\bin\fbembed.dll
0x66890000 - 0x6692b000 	C:\Windows\WinSxS\x86_microsoft.vc80.crt_1fc8b3b9a1e18e3b_8.0.50727.6229_none_d089f796442de10e\MSVCR80.dll
0x6fbd0000 - 0x6fbe2000 	C:\Windows\system32\MPR.dll
0x4a800000 - 0x4a8a8000 	C:\CooCox\CoIDE_V2Beta\jre\bin\icuuc30.dll
0x4ad00000 - 0x4ae7f000 	C:\CooCox\CoIDE_V2Beta\jre\bin\icudt30.dll
0x1c270000 - 0x1c276000 	C:\CooCox\CoIDE_V2Beta\jre\bin\ib_util.dll
0x1cad0000 - 0x1cbb3000 	C:\CooCox\CoIDE_V2Beta\jre\bin\intl\fbintl.DLL
0x66740000 - 0x66883000 	C:\CooCox\CoIDE_V2Beta\jre\bin\awt.dll
0x66700000 - 0x66739000 	C:\CooCox\CoIDE_V2Beta\jre\bin\fontmanager.dll
0x666f0000 - 0x666f6000 	C:\CooCox\CoIDE_V2Beta\jre\bin\jawt.dll
0x51b10000 - 0x54244000 	C:\CooCox\CoIDE_V2Beta\bin\Release\libcef.dll
0x6fb70000 - 0x6fbc8000 	C:\Windows\system32\WINHTTP.dll
0x6fb10000 - 0x6fb5f000 	C:\Windows\system32\webio.dll
0x752d0000 - 0x752dd000 	C:\Windows\system32\WTSAPI32.dll
0x6f5a0000 - 0x6f5a8000 	C:\Windows\system32\Secur32.dll
0x76f90000 - 0x7712d000 	C:\Windows\syswow64\SETUPAPI.dll
0x769d0000 - 0x769f7000 	C:\Windows\syswow64\CFGMGR32.dll
0x77440000 - 0x77452000 	C:\Windows\syswow64\DEVOBJ.dll
0x66670000 - 0x666e3000 	C:\CooCox\CoIDE_V2Beta\bin\Release\jcef.dll
0x6db00000 - 0x6db36000 	C:\Windows\system32\audioses.dll
0x6db90000 - 0x6dbc9000 	C:\Windows\system32\MMDevAPI.DLL
0x75460000 - 0x7548f000 	C:\Windows\syswow64\WINTRUST.dll
0x6dc00000 - 0x6dc29000 	C:\Windows\system32\WINSTA.dll
0x74110000 - 0x74189000 	C:\Windows\system32\mscms.dll
0x66270000 - 0x66322000 	C:\Windows\SysWOW64\jscript.dll
0x66660000 - 0x6666b000 	C:\Windows\system32\ImgUtil.dll
0x66650000 - 0x6665e000 	C:\Windows\SysWOW64\pngfilt.dll
0x70740000 - 0x7082b000 	C:\Windows\system32\dbghelp.dll

VM Arguments:
jvm_args: -Dosgi.parentClassloader=ext --launcher.XXMaxPermSize 256M -vmargs -Xms60m -Xmx128m -XX:+UseConcMarkSweepGC -XX:+CMSClassUnloadingEnabled 
java_command: <unknown>
Launcher Type: generic

Environment Variables:
PATH=C:/CooCox/CoIDE_V2Beta/jre/bin/client;C:/CooCox/CoIDE_V2Beta/jre/bin;C:/CooCox/CoIDE_V2Beta/jre/lib/i386;C:\MentorGraphics\9.5PADS\SDD_HOME\common\win32\bin;C:\MentorGraphics\9.5PADS\SDD_HOME\common\win32\lib;C:\MentorGraphics\9.5PADS\MGC_HOME.ixn\bin;C:\MentorGraphics\9.5PADS\MGC_HOME.ixn\lib;C:\Windows\system32;C:\Windows;C:\Windows\System32\Wbem;C:\Program Files\TortoiseSVN\bin;C:\Program Files\Microsoft VS Code\bin;C:\Program Files (x86)\GNU Tools ARM Embedded\5.4 2016q3\bin;C:\Users\Chace.Cao\AppData\Local\Programs\Python\Python36\Scripts\;C:\Users\Chace.Cao\AppData\Local\Programs\Python\Python36\;C:\Users\Chace.Cao\AppData\Local\atom\bin;C:\Program Files\Microsoft VS Code\bin;C:\Cadence\SPB_16.3/tools/pcb/bin;C:\Cadence\SPB_16.3/tools/Capture;C:\Cadence\SPB_16.3/tools/bin;C:\Cadence\SPB_16.3/tools/jre/bin;C:\Cadence\SPB_16.3/tools/fet/bin;C:\Cadence\SPB_16.3/tools/specctra/bin;C:\Cadence\SPB_16.3/tools/libutil/bin;;C:\Users\Chace.Cao\Desktop\RAK811_BreakBoard-UART\coIDE\classA;
USERNAME=Chace.Cao
OS=Windows_NT
PROCESSOR_IDENTIFIER=Intel64 Family 6 Model 94 Stepping 3, GenuineIntel



---------------  S Y S T E M  ---------------

OS: Windows 7 , 64 bit Build 7601 Service Pack 1

CPU:total 4 (4 cores per cpu, 1 threads per core) family 6 model 94 stepping 3, cmov, cx8, fxsr, mmx, sse, sse2, sse3, ssse3, sse4.1, sse4.2, popcnt, avx, avx2, aes, erms, tsc, tscinvbit

Memory: 4k page, physical 8277092k(3812560k free), swap 16552324k(11985668k free)

vm_info: Java HotSpot(TM) Client VM (24.71-b01) for windows-x86 JRE (1.7.0_71-b14), built on Sep 26 2014 16:30:49 by "java_re" with unknown MS VC++:1600

time: Mon Jul 16 15:58:42 2018
elapsed time: 47 seconds

